2021-03-22 00:36:46,750 INFO org.springframework.boot.StartupInfoLogger [main] Starting BatchIntegrationApplication using Java 1.8.0_281 on DESKTOP-A0LAQFT with PID 15784 (F:\projects\ppa-project\build\classes\java\main started by KHC in F:\projects\ppa-project)
2021-03-22 00:36:46,755 INFO org.springframework.boot.SpringApplication [main] No active profile set, falling back to default profiles: default
2021-03-22 00:36:47,151 INFO org.springframework.data.repository.config.RepositoryConfigurationDelegate [main] Bootstrapping Spring Data JPA repositories in DEFAULT mode.
2021-03-22 00:36:47,165 INFO org.springframework.data.repository.config.RepositoryConfigurationDelegate [main] Finished Spring Data repository scanning in 8 ms. Found 0 JPA repository interfaces.
2021-03-22 00:36:47,294 INFO org.springframework.context.support.PostProcessorRegistrationDelegate$BeanPostProcessorChecker [main] Bean 'org.springframework.boot.autoconfigure.jdbc.DataSourceConfiguration$Hikari' of type [org.springframework.boot.autoconfigure.jdbc.DataSourceConfiguration$Hikari] is not eligible for getting processed by all BeanPostProcessors (for example: not eligible for auto-proxying)
2021-03-22 00:36:47,312 INFO org.springframework.context.support.PostProcessorRegistrationDelegate$BeanPostProcessorChecker [main] Bean 'spring.datasource-org.springframework.boot.autoconfigure.jdbc.DataSourceProperties' of type [org.springframework.boot.autoconfigure.jdbc.DataSourceProperties] is not eligible for getting processed by all BeanPostProcessors (for example: not eligible for auto-proxying)
2021-03-22 00:36:47,345 INFO org.springframework.context.support.PostProcessorRegistrationDelegate$BeanPostProcessorChecker [main] Bean 'dataSource' of type [com.zaxxer.hikari.HikariDataSource] is not eligible for getting processed by all BeanPostProcessors (for example: not eligible for auto-proxying)
2021-03-22 00:36:47,352 INFO org.springframework.context.support.PostProcessorRegistrationDelegate$BeanPostProcessorChecker [main] Bean 'org.springframework.boot.autoconfigure.jdbc.DataSourceInitializerInvoker' of type [org.springframework.boot.autoconfigure.jdbc.DataSourceInitializerInvoker] is not eligible for getting processed by all BeanPostProcessors (for example: not eligible for auto-proxying)
2021-03-22 00:36:47,362 INFO org.springframework.context.support.PostProcessorRegistrationDelegate$BeanPostProcessorChecker [main] Bean 'org.springframework.batch.core.configuration.annotation.SimpleBatchConfiguration' of type [org.springframework.batch.core.configuration.annotation.SimpleBatchConfiguration] is not eligible for getting processed by all BeanPostProcessors (for example: not eligible for auto-proxying)
2021-03-22 00:36:47,364 INFO org.springframework.context.support.PostProcessorRegistrationDelegate$BeanPostProcessorChecker [main] Bean 'jobLauncher' of type [com.sun.proxy.$Proxy50] is not eligible for getting processed by all BeanPostProcessors (for example: not eligible for auto-proxying)
2021-03-22 00:36:47,367 INFO org.springframework.context.support.PostProcessorRegistrationDelegate$BeanPostProcessorChecker [main] Bean 'jobRegistry' of type [com.sun.proxy.$Proxy52] is not eligible for getting processed by all BeanPostProcessors (for example: not eligible for auto-proxying)
2021-03-22 00:36:47,368 INFO org.springframework.context.support.PostProcessorRegistrationDelegate$BeanPostProcessorChecker [main] Bean 'quartzConfig' of type [io.spring.batch.configuration.QuartzConfig$$EnhancerBySpringCGLIB$$9296e954] is not eligible for getting processed by all BeanPostProcessors (for example: not eligible for auto-proxying)
2021-03-22 00:36:47,422 INFO com.zaxxer.hikari.HikariDataSource [main] HikariPool-1 - Starting...
2021-03-22 00:36:47,424 WARN com.zaxxer.hikari.util.DriverDataSource [main] Registered driver with driverClassName=oracle.jdbc.driver.OracleDriver was not found, trying direct instantiation.
2021-03-22 00:36:47,956 INFO com.zaxxer.hikari.HikariDataSource [main] HikariPool-1 - Start completed.
2021-03-22 00:36:47,983 INFO org.hibernate.jpa.internal.util.LogHelper [main] HHH000204: Processing PersistenceUnitInfo [name: default]
2021-03-22 00:36:48,012 INFO org.hibernate.Version [main] HHH000412: Hibernate ORM core version 5.4.28.Final
2021-03-22 00:36:48,110 INFO org.hibernate.annotations.common.reflection.java.JavaReflectionManager [main] HCANN000001: Hibernate Commons Annotations {5.1.2.Final}
2021-03-22 00:36:48,204 INFO org.hibernate.dialect.Dialect [main] HHH000400: Using dialect: org.hibernate.dialect.Oracle12cDialect
2021-03-22 00:36:50,136 INFO org.hibernate.engine.transaction.jta.platform.internal.JtaPlatformInitiator [main] HHH000490: Using JtaPlatform implementation: [org.hibernate.engine.transaction.jta.platform.internal.NoJtaPlatform]
2021-03-22 00:36:50,143 INFO org.springframework.orm.jpa.AbstractEntityManagerFactoryBean [main] Initialized JPA EntityManagerFactory for persistence unit 'default'
2021-03-22 00:36:50,166 INFO io.spring.batch.configuration.JobConfiguration [main] STEP-1 시작...
2021-03-22 00:36:50,182 INFO io.spring.batch.configuration.JobConfiguration [main] STEP-2 시작...
2021-03-22 00:36:50,200 WARN org.springframework.boot.autoconfigure.batch.JpaBatchConfigurer [main] JPA does not support custom isolation levels, so locks may not be taken when launching Jobs
2021-03-22 00:36:50,202 INFO org.springframework.batch.core.repository.support.JobRepositoryFactoryBean [main] No database type set, using meta data indicating: ORACLE
2021-03-22 00:36:50,262 INFO org.springframework.batch.core.launch.support.SimpleJobLauncher [main] No TaskExecutor has been set, defaulting to synchronous executor.
2021-03-22 00:36:50,292 INFO org.quartz.impl.StdSchedulerFactory [main] Using default implementation for ThreadExecutor
2021-03-22 00:36:50,298 INFO org.quartz.core.SchedulerSignalerImpl [main] Initialized Scheduler Signaller of type: class org.quartz.core.SchedulerSignalerImpl
2021-03-22 00:36:50,298 INFO org.quartz.core.QuartzScheduler [main] Quartz Scheduler v.2.3.2 created.
2021-03-22 00:36:50,299 INFO org.quartz.simpl.RAMJobStore [main] RAMJobStore initialized.
2021-03-22 00:36:50,299 INFO org.quartz.core.QuartzScheduler [main] Scheduler meta-data: Quartz Scheduler (v2.3.2) 'schedulerFactoryBean' with instanceId 'NON_CLUSTERED'
  Scheduler class: 'org.quartz.core.QuartzScheduler' - running locally.
  NOT STARTED.
  Currently in standby mode.
  Number of jobs executed: 0
  Using thread pool 'org.quartz.simpl.SimpleThreadPool' - with 10 threads.
  Using job-store 'org.quartz.simpl.RAMJobStore' - which does not support persistence. and is not clustered.

2021-03-22 00:36:50,299 INFO org.quartz.impl.StdSchedulerFactory [main] Quartz scheduler 'schedulerFactoryBean' initialized from an externally provided properties instance.
2021-03-22 00:36:50,299 INFO org.quartz.impl.StdSchedulerFactory [main] Quartz scheduler version: 2.3.2
2021-03-22 00:36:50,300 INFO org.quartz.core.QuartzScheduler [main] JobFactory set to: org.springframework.scheduling.quartz.AdaptableJobFactory@7da34b26
2021-03-22 00:36:50,378 INFO org.springframework.scheduling.quartz.SchedulerFactoryBean [main] Starting Quartz Scheduler now
2021-03-22 00:36:50,379 INFO org.quartz.core.QuartzScheduler [main] Scheduler schedulerFactoryBean_$_NON_CLUSTERED started.
2021-03-22 00:36:50,386 INFO org.springframework.boot.StartupInfoLogger [main] Started BatchIntegrationApplication in 4.033 seconds (JVM running for 4.853)
2021-03-22 00:40:52,495 INFO org.springframework.boot.StartupInfoLogger [main] Starting BatchIntegrationApplication using Java 1.8.0_281 on DESKTOP-A0LAQFT with PID 25636 (F:\projects\ppa-project\build\classes\java\main started by KHC in F:\projects\ppa-project)
2021-03-22 00:40:52,498 INFO org.springframework.boot.SpringApplication [main] No active profile set, falling back to default profiles: default
2021-03-22 00:40:52,848 INFO org.springframework.data.repository.config.RepositoryConfigurationDelegate [main] Bootstrapping Spring Data JPA repositories in DEFAULT mode.
2021-03-22 00:40:52,862 INFO org.springframework.data.repository.config.RepositoryConfigurationDelegate [main] Finished Spring Data repository scanning in 8 ms. Found 0 JPA repository interfaces.
2021-03-22 00:40:52,987 INFO org.springframework.context.support.PostProcessorRegistrationDelegate$BeanPostProcessorChecker [main] Bean 'org.springframework.boot.autoconfigure.jdbc.DataSourceConfiguration$Hikari' of type [org.springframework.boot.autoconfigure.jdbc.DataSourceConfiguration$Hikari] is not eligible for getting processed by all BeanPostProcessors (for example: not eligible for auto-proxying)
2021-03-22 00:40:53,006 INFO org.springframework.context.support.PostProcessorRegistrationDelegate$BeanPostProcessorChecker [main] Bean 'spring.datasource-org.springframework.boot.autoconfigure.jdbc.DataSourceProperties' of type [org.springframework.boot.autoconfigure.jdbc.DataSourceProperties] is not eligible for getting processed by all BeanPostProcessors (for example: not eligible for auto-proxying)
2021-03-22 00:40:53,039 INFO org.springframework.context.support.PostProcessorRegistrationDelegate$BeanPostProcessorChecker [main] Bean 'dataSource' of type [com.zaxxer.hikari.HikariDataSource] is not eligible for getting processed by all BeanPostProcessors (for example: not eligible for auto-proxying)
2021-03-22 00:40:53,045 INFO org.springframework.context.support.PostProcessorRegistrationDelegate$BeanPostProcessorChecker [main] Bean 'org.springframework.boot.autoconfigure.jdbc.DataSourceInitializerInvoker' of type [org.springframework.boot.autoconfigure.jdbc.DataSourceInitializerInvoker] is not eligible for getting processed by all BeanPostProcessors (for example: not eligible for auto-proxying)
2021-03-22 00:40:53,054 INFO org.springframework.context.support.PostProcessorRegistrationDelegate$BeanPostProcessorChecker [main] Bean 'org.springframework.batch.core.configuration.annotation.SimpleBatchConfiguration' of type [org.springframework.batch.core.configuration.annotation.SimpleBatchConfiguration] is not eligible for getting processed by all BeanPostProcessors (for example: not eligible for auto-proxying)
2021-03-22 00:40:53,057 INFO org.springframework.context.support.PostProcessorRegistrationDelegate$BeanPostProcessorChecker [main] Bean 'jobLauncher' of type [com.sun.proxy.$Proxy50] is not eligible for getting processed by all BeanPostProcessors (for example: not eligible for auto-proxying)
2021-03-22 00:40:53,060 INFO org.springframework.context.support.PostProcessorRegistrationDelegate$BeanPostProcessorChecker [main] Bean 'jobRegistry' of type [com.sun.proxy.$Proxy52] is not eligible for getting processed by all BeanPostProcessors (for example: not eligible for auto-proxying)
2021-03-22 00:40:53,061 INFO org.springframework.context.support.PostProcessorRegistrationDelegate$BeanPostProcessorChecker [main] Bean 'quartzConfig' of type [io.spring.batch.configuration.QuartzConfig$$EnhancerBySpringCGLIB$$6c0d3ac7] is not eligible for getting processed by all BeanPostProcessors (for example: not eligible for auto-proxying)
2021-03-22 00:40:53,108 INFO com.zaxxer.hikari.HikariDataSource [main] HikariPool-1 - Starting...
2021-03-22 00:40:53,110 WARN com.zaxxer.hikari.util.DriverDataSource [main] Registered driver with driverClassName=oracle.jdbc.driver.OracleDriver was not found, trying direct instantiation.
2021-03-22 00:40:53,652 INFO com.zaxxer.hikari.HikariDataSource [main] HikariPool-1 - Start completed.
2021-03-22 00:40:53,683 INFO org.hibernate.jpa.internal.util.LogHelper [main] HHH000204: Processing PersistenceUnitInfo [name: default]
2021-03-22 00:40:53,714 INFO org.hibernate.Version [main] HHH000412: Hibernate ORM core version 5.4.28.Final
2021-03-22 00:40:53,814 INFO org.hibernate.annotations.common.reflection.java.JavaReflectionManager [main] HCANN000001: Hibernate Commons Annotations {5.1.2.Final}
2021-03-22 00:40:53,907 INFO org.hibernate.dialect.Dialect [main] HHH000400: Using dialect: org.hibernate.dialect.Oracle12cDialect
2021-03-22 00:40:55,481 INFO org.hibernate.engine.transaction.jta.platform.internal.JtaPlatformInitiator [main] HHH000490: Using JtaPlatform implementation: [org.hibernate.engine.transaction.jta.platform.internal.NoJtaPlatform]
2021-03-22 00:40:55,488 INFO org.springframework.orm.jpa.AbstractEntityManagerFactoryBean [main] Initialized JPA EntityManagerFactory for persistence unit 'default'
2021-03-22 00:40:55,511 INFO io.spring.batch.configuration.JobConfiguration [main] STEP-1 시작...
2021-03-22 00:40:55,528 INFO io.spring.batch.configuration.JobConfiguration [main] STEP-2 시작...
2021-03-22 00:40:55,545 WARN org.springframework.boot.autoconfigure.batch.JpaBatchConfigurer [main] JPA does not support custom isolation levels, so locks may not be taken when launching Jobs
2021-03-22 00:40:55,548 INFO org.springframework.batch.core.repository.support.JobRepositoryFactoryBean [main] No database type set, using meta data indicating: ORACLE
2021-03-22 00:40:55,606 INFO org.springframework.batch.core.launch.support.SimpleJobLauncher [main] No TaskExecutor has been set, defaulting to synchronous executor.
2021-03-22 00:40:55,635 INFO org.quartz.impl.StdSchedulerFactory [main] Using default implementation for ThreadExecutor
2021-03-22 00:40:55,641 INFO org.quartz.core.SchedulerSignalerImpl [main] Initialized Scheduler Signaller of type: class org.quartz.core.SchedulerSignalerImpl
2021-03-22 00:40:55,641 INFO org.quartz.core.QuartzScheduler [main] Quartz Scheduler v.2.3.2 created.
2021-03-22 00:40:55,642 INFO org.quartz.simpl.RAMJobStore [main] RAMJobStore initialized.
2021-03-22 00:40:55,642 INFO org.quartz.core.QuartzScheduler [main] Scheduler meta-data: Quartz Scheduler (v2.3.2) 'schedulerFactoryBean' with instanceId 'NON_CLUSTERED'
  Scheduler class: 'org.quartz.core.QuartzScheduler' - running locally.
  NOT STARTED.
  Currently in standby mode.
  Number of jobs executed: 0
  Using thread pool 'org.quartz.simpl.SimpleThreadPool' - with 10 threads.
  Using job-store 'org.quartz.simpl.RAMJobStore' - which does not support persistence. and is not clustered.

2021-03-22 00:40:55,642 INFO org.quartz.impl.StdSchedulerFactory [main] Quartz scheduler 'schedulerFactoryBean' initialized from an externally provided properties instance.
2021-03-22 00:40:55,642 INFO org.quartz.impl.StdSchedulerFactory [main] Quartz scheduler version: 2.3.2
2021-03-22 00:40:55,643 INFO org.quartz.core.QuartzScheduler [main] JobFactory set to: org.springframework.scheduling.quartz.AdaptableJobFactory@273a5a8a
2021-03-22 00:40:55,717 INFO org.springframework.scheduling.quartz.SchedulerFactoryBean [main] Starting Quartz Scheduler now
2021-03-22 00:40:55,717 INFO org.quartz.core.QuartzScheduler [main] Scheduler schedulerFactoryBean_$_NON_CLUSTERED started.
2021-03-22 00:40:55,723 INFO org.springframework.boot.StartupInfoLogger [main] Started BatchIntegrationApplication in 3.67 seconds (JVM running for 4.489)
2021-03-22 00:41:00,108 INFO org.springframework.batch.core.launch.support.SimpleJobLauncher$1 [schedulerFactoryBean_Worker-1] Job: [SimpleJob: [name=job]] launched with the following parameters: [{JobID=1616341260010}]
2021-03-22 00:41:00,231 INFO org.springframework.batch.core.job.SimpleStepHandler [schedulerFactoryBean_Worker-1] Executing step: [step1]
2021-03-22 00:41:00,387 ERROR org.springframework.batch.core.step.AbstractStep [schedulerFactoryBean_Worker-1] Encountered an error executing step step1 in job job
org.springframework.dao.DataIntegrityViolationException: PreparedStatementCallback; SQL [
 MERGE INTO TB_TAX_BILL_INFO DAT
 USING ( SELECT ? IO_CODE																														
            , ? ISSUE_DAY																														
            , ? BIZ_MANAGE_ID FROM DUAL) T 																											
  ON (DAT.IO_CODE=T.IO_CODE 																														
  AND DAT.ISSUE_DAY=T.ISSUE_DAY  																														
  AND DAT.BIZ_MANAGE_ID=T.BIZ_MANAGE_ID) 																														
  WHEN MATCHED THEN																																
       UPDATE SET																																	
              SVC_MANAGE_ID = TRIM(?)																												
            , SIGNATURE = TRIM(?)																													
            , ISSUE_ID = TRIM(?)																													
            , BILL_TYPE_CODE = TRIM(?)																												
            , PURPOSE_CODE = TRIM(?)																												
            , AMENDMENT_CODE = TRIM(?)																												
            , DESCRIPTION = TRIM(?)																												
            , IMPORT_DOC_ID = TRIM(?)																												
            , IMPORT_PERIOD_START_DAY = TRIM(?)																									
            , IMPORT_PERIOD_END_DAY = TRIM(?)																										
            , IMPORT_ITEM_QUANTITY = TRIM(?)																										
            , INVOICER_PARTY_ID = 	TRIM(?) 																										
            , INVOICER_TAX_REGIST_ID = TRIM(?)																										
            , INVOICER_PARTY_NAME = TRIM(?)																										
            , INVOICER_CEO_NAME = TRIM(?)																											
            , INVOICER_ADDR = ?																												
            , INVOICER_TYPE = TRIM(?)																												
            , INVOICER_CLASS = TRIM(?)																												
            , INVOICER_CONTACT_DEPART = TRIM(?)																									
            , INVOICER_CONTACT_NAME = TRIM(?)																										
            , INVOICER_CONTACT_PHONE = TRIM(?)																										
            , INVOICER_CONTACT_EMAIL = TRIM(?)																										
            , INVOICEE_BUSINESS_TYPE_CODE = TRIM(?)																								
            , INVOICEE_PARTY_ID = TRIM(?)																											
            , INVOICEE_TAX_REGIST_ID = TRIM(?)																										
            , INVOICEE_PARTY_NAME = TRIM(?)																										
            , INVOICEE_CEO_NAME = TRIM(?)																											
            , INVOICEE_ADDR = ?																												
            , INVOICEE_TYPE = TRIM(?)																												
            , INVOICEE_CLASS = TRIM(?)																												
            , INVOICEE_CONTACT_DEPART1 = TRIM(?)																									
            , INVOICEE_CONTACT_NAME1 = TRIM(?)																										
            , INVOICEE_CONTACT_PHONE1 = TRIM(?)																									
            , INVOICEE_CONTACT_EMAIL1 = TRIM(?)																									
            , INVOICEE_CONTACT_DEPART2 = TRIM(?)																									
            , INVOICEE_CONTACT_NAME2 = TRIM(?)																										
            , INVOICEE_CONTACT_PHONE2 = TRIM(?)																									
            , INVOICEE_CONTACT_EMAIL2 = TRIM(?)																									
            , BROKER_PARTY_ID = TRIM(?)																											
            , BROKER_TAX_REGIST_ID = TRIM(?)																										
            , BROKER_PARTY_NAME = TRIM(?)																											
            , BROKER_CEO_NAME = TRIM(?)																											
            , BROKER_ADDR = TRIM(?)																												
            , BROKER_TYPE = TRIM(?)																												
            , BROKER_CLASS = TRIM(?)																												
            , BROKER_CONTACT_DEPART = TRIM(?)																										
            , BROKER_CONTACT_NAME = TRIM(?)																										
            , BROKER_CONTACT_PHONE = TRIM(?)																										
            , BROKER_CONTACT_EMAIL = TRIM(?)																										
            , PAYMENT_TYPE_CODE1 = TRIM(?)																											
            , PAY_AMOUNT1 = TRIM(?)																												
            , PAYMENT_TYPE_CODE2 = TRIM(?)																											
            , PAY_AMOUNT2 = TRIM(?)																												
            , PAYMENT_TYPE_CODE3 = TRIM(?)																											
            , PAY_AMOUNT3 = TRIM(?)																												
            , PAYMENT_TYPE_CODE4 = TRIM(?)																											
            , PAY_AMOUNT4 = TRIM(?)																												
            , CHARGE_TOTAL_AMOUNT = TRIM(?)																										
            , TAX_TOTAL_AMOUNT = TRIM(?)																											
            , GRAND_TOTAL_AMOUNT = TRIM(?)																											
            , STATUS_CODE = TRIM(?)																												
            , ELECTRONIC_REPORT_YN = TRIM(?)																										
            , ONLINE_GUB_CODE = TRIM(?)																											
            , ADD_TAX_YN = TRIM(?)																													
            , INVOICEE_GUB_CODE = TRIM(?)																											
            , REL_SYSTEM_ID = TRIM(?)																												
            , JOB_GUB_CODE = TRIM(?)																												
            , REGIST_DT = SYSDATE																													
            , MODIFY_DT = SYSDATE																													
            , REGIST_ID = TRIM(?)																													
            , MODIFY_ID = TRIM(?)																													
            , UPPER_MANAGE_ID = TRIM(?)																											
            , ERP_SND_YN = TRIM(?)																													
            , ESERO_RTN_CODE = TRIM(?)																												
            , ERP_ACC_YEAR = TRIM(?)																												
            , ERP_SLIP_NO = TRIM(?)																												
            , TAX_TYPE_CODE = TRIM(?)																												
            , TAX_CANCEL_DATA = TRIM(?)																											
            , ERP_SEND_CODE = TRIM(?)																												
            , VAT_GUB_CODE = TRIM(?)																												
            , RECEIPT_GUB_CODE = TRIM(?)																											
            , UUID = TRIM(?)																														
            , ESERO_ISSUE_ID = TRIM(?)																												
  WHEN NOT MATCHED THEN																															
       INSERT(DAT.IO_CODE, DAT.ISSUE_DAY, DAT.BIZ_MANAGE_ID, DAT.SVC_MANAGE_ID, DAT.ISSUE_DT																			
            , DAT.SIGNATURE, DAT.ISSUE_ID, DAT.BILL_TYPE_CODE, DAT.PURPOSE_CODE, DAT.AMENDMENT_CODE																	
            , DAT.DESCRIPTION, DAT.IMPORT_DOC_ID, DAT.IMPORT_PERIOD_START_DAY, DAT.IMPORT_PERIOD_END_DAY, DAT.IMPORT_ITEM_QUANTITY										
            , DAT.INVOICER_PARTY_ID, DAT.INVOICER_TAX_REGIST_ID, DAT.INVOICER_PARTY_NAME, DAT.INVOICER_CEO_NAME, DAT.INVOICER_ADDR										
            , DAT.INVOICER_TYPE, DAT.INVOICER_CLASS, DAT.INVOICER_CONTACT_DEPART, DAT.INVOICER_CONTACT_NAME, DAT.INVOICER_CONTACT_PHONE								
            , DAT.INVOICER_CONTACT_EMAIL, DAT.INVOICEE_BUSINESS_TYPE_CODE, DAT.INVOICEE_PARTY_ID, DAT.INVOICEE_TAX_REGIST_ID, DAT.INVOICEE_PARTY_NAME					
            , DAT.INVOICEE_CEO_NAME, DAT.INVOICEE_ADDR, DAT.INVOICEE_TYPE, DAT.INVOICEE_CLASS, DAT.INVOICEE_CONTACT_DEPART1											
            , DAT.INVOICEE_CONTACT_NAME1, DAT.INVOICEE_CONTACT_PHONE1, DAT.INVOICEE_CONTACT_EMAIL1, DAT.INVOICEE_CONTACT_DEPART2, DAT.INVOICEE_CONTACT_NAME2			
            , DAT.INVOICEE_CONTACT_PHONE2, DAT.INVOICEE_CONTACT_EMAIL2, DAT.BROKER_PARTY_ID, DAT.BROKER_TAX_REGIST_ID, DAT.BROKER_PARTY_NAME					
            , DAT.BROKER_CEO_NAME, DAT.BROKER_ADDR, DAT.BROKER_TYPE, DAT.BROKER_CLASS, DAT.BROKER_CONTACT_DEPART														
            , DAT.BROKER_CONTACT_NAME, DAT.BROKER_CONTACT_PHONE, DAT.BROKER_CONTACT_EMAIL, DAT.PAYMENT_TYPE_CODE1, DAT.PAY_AMOUNT1										
            , DAT.PAYMENT_TYPE_CODE2, DAT.PAY_AMOUNT2, DAT.PAYMENT_TYPE_CODE3, DAT.PAY_AMOUNT3, DAT.PAYMENT_TYPE_CODE4													
            , DAT.PAY_AMOUNT4, DAT.CHARGE_TOTAL_AMOUNT, DAT.TAX_TOTAL_AMOUNT, DAT.GRAND_TOTAL_AMOUNT, DAT.STATUS_CODE													
            , DAT.ELECTRONIC_REPORT_YN, DAT.ONLINE_GUB_CODE, DAT.ADD_TAX_YN, DAT.INVOICEE_GUB_CODE, DAT.REL_SYSTEM_ID					
            , DAT.JOB_GUB_CODE, DAT.REGIST_DT, DAT.MODIFY_DT, DAT.REGIST_ID, DAT.MODIFY_ID												
            , DAT.UPPER_MANAGE_ID, DAT.ERP_SND_YN, DAT.ESERO_RTN_CODE, DAT.ERP_ACC_YEAR, DAT.ERP_SLIP_NO								
            , DAT.TAX_TYPE_CODE, DAT.TAX_CANCEL_DATA, DAT.ERP_SEND_CODE, DAT.VAT_GUB_CODE, DAT.RECEIPT_GUB_CODE						
            , DAT.UUID , DAT.ESERO_ISSUE_ID																				
			)																										
       VALUES(TRIM(?), TRIM(?), TRIM(?), TRIM(?), TO_CHAR(SYSDATE,'YYYYMMDDHH24MISS')								
            , TRIM(?), TRIM(?), TRIM(?), TRIM(?), TRIM(?)															
            , TRIM(?), TRIM(?), TRIM(?), TRIM(?), TRIM(?)															
			 , TRIM(?)
			 , TRIM(?)
			 , TRIM(?)
 		   	 , TRIM(?), ?																							
            , TRIM(?), TRIM(?), TRIM(?), TRIM(?), TRIM(?)															
            , TRIM(?), TRIM(?)																						
			 , TRIM(?)
			 , TRIM(?)
			 , TRIM(?)
            , TRIM(?), ?, TRIM(?), TRIM(?), TRIM(?)																
            , TRIM(?), TRIM(?), TRIM(?), TRIM(?), TRIM(?)															
            , TRIM(?), TRIM(?)
 			 , TRIM(?)
 			 , TRIM(?)
 			 , TRIM(?)
            , TRIM(?), TRIM(?), TRIM(?), TRIM(?), TRIM(?)
            , TRIM(?), TRIM(?), TRIM(?), TRIM(?), TRIM(?)
            , TRIM(?), TRIM(?), TRIM(?), TRIM(?), TRIM(?)
            , TRIM(?), TRIM(?), TRIM(?), TRIM(?), TRIM(?)
            , TRIM(?), TRIM(?), TRIM(?), TRIM(?), TRIM(?)
            , TRIM(?), SYSDATE, SYSDATE, TRIM(?), TRIM(?)
            , TRIM(?), TRIM(?), TRIM(?), TRIM(?), TRIM(?)
            , TRIM(?), TRIM(?), TRIM(?), TRIM(?), TRIM(?)
            , TRIM(?), TRIM(?)
 )																													]; ORA-01400: cannot insert NULL into ("EXEDI"."TB_TAX_BILL_INFO_ENC"."ELECTRONIC_REPORT_YN")
; nested exception is java.sql.SQLIntegrityConstraintViolationException: ORA-01400: cannot insert NULL into ("EXEDI"."TB_TAX_BILL_INFO_ENC"."ELECTRONIC_REPORT_YN")

	at org.springframework.jdbc.support.SQLErrorCodeSQLExceptionTranslator.doTranslate(SQLErrorCodeSQLExceptionTranslator.java:251)
	at org.springframework.jdbc.support.AbstractFallbackSQLExceptionTranslator.translate(AbstractFallbackSQLExceptionTranslator.java:70)
	at org.springframework.jdbc.core.JdbcTemplate.translateException(JdbcTemplate.java:1541)
	at org.springframework.jdbc.core.JdbcTemplate.execute(JdbcTemplate.java:667)
	at org.springframework.jdbc.core.JdbcTemplate.execute(JdbcTemplate.java:691)
	at org.springframework.batch.item.database.JdbcBatchItemWriter.write(JdbcBatchItemWriter.java:186)
	at org.springframework.batch.item.support.CompositeItemWriter.write(CompositeItemWriter.java:59)
	at org.springframework.batch.core.step.item.SimpleChunkProcessor.writeItems(SimpleChunkProcessor.java:193)
	at org.springframework.batch.core.step.item.SimpleChunkProcessor.doWrite(SimpleChunkProcessor.java:159)
	at org.springframework.batch.core.step.item.SimpleChunkProcessor.write(SimpleChunkProcessor.java:294)
	at org.springframework.batch.core.step.item.SimpleChunkProcessor.process(SimpleChunkProcessor.java:217)
	at org.springframework.batch.core.step.item.ChunkOrientedTasklet.execute(ChunkOrientedTasklet.java:77)
	at org.springframework.batch.core.step.tasklet.TaskletStep$ChunkTransactionCallback.doInTransaction(TaskletStep.java:407)
	at org.springframework.batch.core.step.tasklet.TaskletStep$ChunkTransactionCallback.doInTransaction(TaskletStep.java:331)
	at org.springframework.transaction.support.TransactionTemplate.execute(TransactionTemplate.java:140)
	at org.springframework.batch.core.step.tasklet.TaskletStep$2.doInChunkContext(TaskletStep.java:273)
	at org.springframework.batch.core.scope.context.StepContextRepeatCallback.doInIteration(StepContextRepeatCallback.java:82)
	at org.springframework.batch.repeat.support.RepeatTemplate.getNextResult(RepeatTemplate.java:375)
	at org.springframework.batch.repeat.support.RepeatTemplate.executeInternal(RepeatTemplate.java:215)
	at org.springframework.batch.repeat.support.RepeatTemplate.iterate(RepeatTemplate.java:145)
	at org.springframework.batch.core.step.tasklet.TaskletStep.doExecute(TaskletStep.java:258)
	at org.springframework.batch.core.step.AbstractStep.execute(AbstractStep.java:208)
	at org.springframework.batch.core.job.SimpleStepHandler.handleStep(SimpleStepHandler.java:148)
	at org.springframework.batch.core.job.AbstractJob.handleStep(AbstractJob.java:411)
	at org.springframework.batch.core.job.SimpleJob.doExecute(SimpleJob.java:136)
	at org.springframework.batch.core.job.AbstractJob.execute(AbstractJob.java:320)
	at org.springframework.batch.core.launch.support.SimpleJobLauncher$1.run(SimpleJobLauncher.java:147)
	at org.springframework.core.task.SyncTaskExecutor.execute(SyncTaskExecutor.java:50)
	at org.springframework.batch.core.launch.support.SimpleJobLauncher.run(SimpleJobLauncher.java:140)
	at sun.reflect.NativeMethodAccessorImpl.invoke0(Native Method)
	at sun.reflect.NativeMethodAccessorImpl.invoke(NativeMethodAccessorImpl.java:62)
	at sun.reflect.DelegatingMethodAccessorImpl.invoke(DelegatingMethodAccessorImpl.java:43)
	at java.lang.reflect.Method.invoke(Method.java:498)
	at org.springframework.aop.support.AopUtils.invokeJoinpointUsingReflection(AopUtils.java:344)
	at org.springframework.aop.framework.ReflectiveMethodInvocation.invokeJoinpoint(ReflectiveMethodInvocation.java:198)
	at org.springframework.aop.framework.ReflectiveMethodInvocation.proceed(ReflectiveMethodInvocation.java:163)
	at org.springframework.batch.core.configuration.annotation.SimpleBatchConfiguration$PassthruAdvice.invoke(SimpleBatchConfiguration.java:128)
	at org.springframework.aop.framework.ReflectiveMethodInvocation.proceed(ReflectiveMethodInvocation.java:186)
	at org.springframework.aop.framework.JdkDynamicAopProxy.invoke(JdkDynamicAopProxy.java:215)
	at com.sun.proxy.$Proxy50.run(Unknown Source)
	at io.spring.batch.quartz.QuartzJobLauncher.executeInternal(QuartzJobLauncher.java:64)
	at org.springframework.scheduling.quartz.QuartzJobBean.execute(QuartzJobBean.java:75)
	at org.quartz.core.JobRunShell.run(JobRunShell.java:202)
	at org.quartz.simpl.SimpleThreadPool$WorkerThread.run(SimpleThreadPool.java:573)
Caused by: java.sql.SQLIntegrityConstraintViolationException: ORA-01400: cannot insert NULL into ("EXEDI"."TB_TAX_BILL_INFO_ENC"."ELECTRONIC_REPORT_YN")

	at oracle.jdbc.driver.T4CTTIoer11.processError(T4CTTIoer11.java:509)
	at oracle.jdbc.driver.T4CTTIoer11.processError(T4CTTIoer11.java:461)
	at oracle.jdbc.driver.T4C8Oall.processError(T4C8Oall.java:1104)
	at oracle.jdbc.driver.T4CTTIfun.receive(T4CTTIfun.java:553)
	at oracle.jdbc.driver.T4CTTIfun.doRPC(T4CTTIfun.java:269)
	at oracle.jdbc.driver.T4C8Oall.doOALL(T4C8Oall.java:655)
	at oracle.jdbc.driver.T4CPreparedStatement.doOall8(T4CPreparedStatement.java:270)
	at oracle.jdbc.driver.T4CPreparedStatement.doOall8(T4CPreparedStatement.java:91)
	at oracle.jdbc.driver.T4CPreparedStatement.executeForRows(T4CPreparedStatement.java:970)
	at oracle.jdbc.driver.OraclePreparedStatement.executeForRowsWithTimeout(OraclePreparedStatement.java:9452)
	at oracle.jdbc.driver.OraclePreparedStatement.executeLargeBatch(OraclePreparedStatement.java:9556)
	at oracle.jdbc.driver.T4CPreparedStatement.executeLargeBatch(T4CPreparedStatement.java:1447)
	at oracle.jdbc.driver.OraclePreparedStatement.executeBatch(OraclePreparedStatement.java:9487)
	at oracle.jdbc.driver.OracleStatementWrapper.executeBatch(OracleStatementWrapper.java:237)
	at com.zaxxer.hikari.pool.ProxyStatement.executeBatch(ProxyStatement.java:128)
	at com.zaxxer.hikari.pool.HikariProxyPreparedStatement.executeBatch(HikariProxyPreparedStatement.java)
	at org.springframework.batch.item.database.JdbcBatchItemWriter$1.doInPreparedStatement(JdbcBatchItemWriter.java:193)
	at org.springframework.batch.item.database.JdbcBatchItemWriter$1.doInPreparedStatement(JdbcBatchItemWriter.java:186)
	at org.springframework.jdbc.core.JdbcTemplate.execute(JdbcTemplate.java:651)
	... 40 common frames omitted
Caused by: oracle.jdbc.OracleDatabaseException: ORA-01400: cannot insert NULL into ("EXEDI"."TB_TAX_BILL_INFO_ENC"."ELECTRONIC_REPORT_YN")

	at oracle.jdbc.driver.T4CTTIoer11.processError(T4CTTIoer11.java:513)
	... 58 common frames omitted
2021-03-22 00:41:00,393 INFO org.springframework.batch.core.step.AbstractStep [schedulerFactoryBean_Worker-1] Step: [step1] executed in 162ms
2021-03-22 00:41:00,409 INFO org.springframework.batch.core.launch.support.SimpleJobLauncher$1 [schedulerFactoryBean_Worker-1] Job: [SimpleJob: [name=job]] completed with the following parameters: [{JobID=1616341260010}] and the following status: [FAILED] in 281ms
2021-03-22 00:41:10,026 INFO org.springframework.batch.core.launch.support.SimpleJobLauncher$1 [schedulerFactoryBean_Worker-2] Job: [SimpleJob: [name=job]] launched with the following parameters: [{JobID=1616341270010}]
2021-03-22 00:41:10,044 INFO org.springframework.batch.core.job.SimpleStepHandler [schedulerFactoryBean_Worker-2] Executing step: [step1]
2021-03-22 00:41:10,065 ERROR org.springframework.batch.core.step.AbstractStep [schedulerFactoryBean_Worker-2] Encountered an error executing step step1 in job job
org.springframework.dao.DataIntegrityViolationException: PreparedStatementCallback; SQL [
 MERGE INTO TB_TAX_BILL_INFO DAT
 USING ( SELECT ? IO_CODE																														
            , ? ISSUE_DAY																														
            , ? BIZ_MANAGE_ID FROM DUAL) T 																											
  ON (DAT.IO_CODE=T.IO_CODE 																														
  AND DAT.ISSUE_DAY=T.ISSUE_DAY  																														
  AND DAT.BIZ_MANAGE_ID=T.BIZ_MANAGE_ID) 																														
  WHEN MATCHED THEN																																
       UPDATE SET																																	
              SVC_MANAGE_ID = TRIM(?)																												
            , SIGNATURE = TRIM(?)																													
            , ISSUE_ID = TRIM(?)																													
            , BILL_TYPE_CODE = TRIM(?)																												
            , PURPOSE_CODE = TRIM(?)																												
            , AMENDMENT_CODE = TRIM(?)																												
            , DESCRIPTION = TRIM(?)																												
            , IMPORT_DOC_ID = TRIM(?)																												
            , IMPORT_PERIOD_START_DAY = TRIM(?)																									
            , IMPORT_PERIOD_END_DAY = TRIM(?)																										
            , IMPORT_ITEM_QUANTITY = TRIM(?)																										
            , INVOICER_PARTY_ID = 	TRIM(?) 																										
            , INVOICER_TAX_REGIST_ID = TRIM(?)																										
            , INVOICER_PARTY_NAME = TRIM(?)																										
            , INVOICER_CEO_NAME = TRIM(?)																											
            , INVOICER_ADDR = ?																												
            , INVOICER_TYPE = TRIM(?)																												
            , INVOICER_CLASS = TRIM(?)																												
            , INVOICER_CONTACT_DEPART = TRIM(?)																									
            , INVOICER_CONTACT_NAME = TRIM(?)																										
            , INVOICER_CONTACT_PHONE = TRIM(?)																										
            , INVOICER_CONTACT_EMAIL = TRIM(?)																										
            , INVOICEE_BUSINESS_TYPE_CODE = TRIM(?)																								
            , INVOICEE_PARTY_ID = TRIM(?)																											
            , INVOICEE_TAX_REGIST_ID = TRIM(?)																										
            , INVOICEE_PARTY_NAME = TRIM(?)																										
            , INVOICEE_CEO_NAME = TRIM(?)																											
            , INVOICEE_ADDR = ?																												
            , INVOICEE_TYPE = TRIM(?)																												
            , INVOICEE_CLASS = TRIM(?)																												
            , INVOICEE_CONTACT_DEPART1 = TRIM(?)																									
            , INVOICEE_CONTACT_NAME1 = TRIM(?)																										
            , INVOICEE_CONTACT_PHONE1 = TRIM(?)																									
            , INVOICEE_CONTACT_EMAIL1 = TRIM(?)																									
            , INVOICEE_CONTACT_DEPART2 = TRIM(?)																									
            , INVOICEE_CONTACT_NAME2 = TRIM(?)																										
            , INVOICEE_CONTACT_PHONE2 = TRIM(?)																									
            , INVOICEE_CONTACT_EMAIL2 = TRIM(?)																									
            , BROKER_PARTY_ID = TRIM(?)																											
            , BROKER_TAX_REGIST_ID = TRIM(?)																										
            , BROKER_PARTY_NAME = TRIM(?)																											
            , BROKER_CEO_NAME = TRIM(?)																											
            , BROKER_ADDR = TRIM(?)																												
            , BROKER_TYPE = TRIM(?)																												
            , BROKER_CLASS = TRIM(?)																												
            , BROKER_CONTACT_DEPART = TRIM(?)																										
            , BROKER_CONTACT_NAME = TRIM(?)																										
            , BROKER_CONTACT_PHONE = TRIM(?)																										
            , BROKER_CONTACT_EMAIL = TRIM(?)																										
            , PAYMENT_TYPE_CODE1 = TRIM(?)																											
            , PAY_AMOUNT1 = TRIM(?)																												
            , PAYMENT_TYPE_CODE2 = TRIM(?)																											
            , PAY_AMOUNT2 = TRIM(?)																												
            , PAYMENT_TYPE_CODE3 = TRIM(?)																											
            , PAY_AMOUNT3 = TRIM(?)																												
            , PAYMENT_TYPE_CODE4 = TRIM(?)																											
            , PAY_AMOUNT4 = TRIM(?)																												
            , CHARGE_TOTAL_AMOUNT = TRIM(?)																										
            , TAX_TOTAL_AMOUNT = TRIM(?)																											
            , GRAND_TOTAL_AMOUNT = TRIM(?)																											
            , STATUS_CODE = TRIM(?)																												
            , ELECTRONIC_REPORT_YN = TRIM(?)																										
            , ONLINE_GUB_CODE = TRIM(?)																											
            , ADD_TAX_YN = TRIM(?)																													
            , INVOICEE_GUB_CODE = TRIM(?)																											
            , REL_SYSTEM_ID = TRIM(?)																												
            , JOB_GUB_CODE = TRIM(?)																												
            , REGIST_DT = SYSDATE																													
            , MODIFY_DT = SYSDATE																													
            , REGIST_ID = TRIM(?)																													
            , MODIFY_ID = TRIM(?)																													
            , UPPER_MANAGE_ID = TRIM(?)																											
            , ERP_SND_YN = TRIM(?)																													
            , ESERO_RTN_CODE = TRIM(?)																												
            , ERP_ACC_YEAR = TRIM(?)																												
            , ERP_SLIP_NO = TRIM(?)																												
            , TAX_TYPE_CODE = TRIM(?)																												
            , TAX_CANCEL_DATA = TRIM(?)																											
            , ERP_SEND_CODE = TRIM(?)																												
            , VAT_GUB_CODE = TRIM(?)																												
            , RECEIPT_GUB_CODE = TRIM(?)																											
            , UUID = TRIM(?)																														
            , ESERO_ISSUE_ID = TRIM(?)																												
  WHEN NOT MATCHED THEN																															
       INSERT(DAT.IO_CODE, DAT.ISSUE_DAY, DAT.BIZ_MANAGE_ID, DAT.SVC_MANAGE_ID, DAT.ISSUE_DT																			
            , DAT.SIGNATURE, DAT.ISSUE_ID, DAT.BILL_TYPE_CODE, DAT.PURPOSE_CODE, DAT.AMENDMENT_CODE																	
            , DAT.DESCRIPTION, DAT.IMPORT_DOC_ID, DAT.IMPORT_PERIOD_START_DAY, DAT.IMPORT_PERIOD_END_DAY, DAT.IMPORT_ITEM_QUANTITY										
            , DAT.INVOICER_PARTY_ID, DAT.INVOICER_TAX_REGIST_ID, DAT.INVOICER_PARTY_NAME, DAT.INVOICER_CEO_NAME, DAT.INVOICER_ADDR										
            , DAT.INVOICER_TYPE, DAT.INVOICER_CLASS, DAT.INVOICER_CONTACT_DEPART, DAT.INVOICER_CONTACT_NAME, DAT.INVOICER_CONTACT_PHONE								
            , DAT.INVOICER_CONTACT_EMAIL, DAT.INVOICEE_BUSINESS_TYPE_CODE, DAT.INVOICEE_PARTY_ID, DAT.INVOICEE_TAX_REGIST_ID, DAT.INVOICEE_PARTY_NAME					
            , DAT.INVOICEE_CEO_NAME, DAT.INVOICEE_ADDR, DAT.INVOICEE_TYPE, DAT.INVOICEE_CLASS, DAT.INVOICEE_CONTACT_DEPART1											
            , DAT.INVOICEE_CONTACT_NAME1, DAT.INVOICEE_CONTACT_PHONE1, DAT.INVOICEE_CONTACT_EMAIL1, DAT.INVOICEE_CONTACT_DEPART2, DAT.INVOICEE_CONTACT_NAME2			
            , DAT.INVOICEE_CONTACT_PHONE2, DAT.INVOICEE_CONTACT_EMAIL2, DAT.BROKER_PARTY_ID, DAT.BROKER_TAX_REGIST_ID, DAT.BROKER_PARTY_NAME					
            , DAT.BROKER_CEO_NAME, DAT.BROKER_ADDR, DAT.BROKER_TYPE, DAT.BROKER_CLASS, DAT.BROKER_CONTACT_DEPART														
            , DAT.BROKER_CONTACT_NAME, DAT.BROKER_CONTACT_PHONE, DAT.BROKER_CONTACT_EMAIL, DAT.PAYMENT_TYPE_CODE1, DAT.PAY_AMOUNT1										
            , DAT.PAYMENT_TYPE_CODE2, DAT.PAY_AMOUNT2, DAT.PAYMENT_TYPE_CODE3, DAT.PAY_AMOUNT3, DAT.PAYMENT_TYPE_CODE4													
            , DAT.PAY_AMOUNT4, DAT.CHARGE_TOTAL_AMOUNT, DAT.TAX_TOTAL_AMOUNT, DAT.GRAND_TOTAL_AMOUNT, DAT.STATUS_CODE													
            , DAT.ELECTRONIC_REPORT_YN, DAT.ONLINE_GUB_CODE, DAT.ADD_TAX_YN, DAT.INVOICEE_GUB_CODE, DAT.REL_SYSTEM_ID					
            , DAT.JOB_GUB_CODE, DAT.REGIST_DT, DAT.MODIFY_DT, DAT.REGIST_ID, DAT.MODIFY_ID												
            , DAT.UPPER_MANAGE_ID, DAT.ERP_SND_YN, DAT.ESERO_RTN_CODE, DAT.ERP_ACC_YEAR, DAT.ERP_SLIP_NO								
            , DAT.TAX_TYPE_CODE, DAT.TAX_CANCEL_DATA, DAT.ERP_SEND_CODE, DAT.VAT_GUB_CODE, DAT.RECEIPT_GUB_CODE						
            , DAT.UUID , DAT.ESERO_ISSUE_ID																				
			)																										
       VALUES(TRIM(?), TRIM(?), TRIM(?), TRIM(?), TO_CHAR(SYSDATE,'YYYYMMDDHH24MISS')								
            , TRIM(?), TRIM(?), TRIM(?), TRIM(?), TRIM(?)															
            , TRIM(?), TRIM(?), TRIM(?), TRIM(?), TRIM(?)															
			 , TRIM(?)
			 , TRIM(?)
			 , TRIM(?)
 		   	 , TRIM(?), ?																							
            , TRIM(?), TRIM(?), TRIM(?), TRIM(?), TRIM(?)															
            , TRIM(?), TRIM(?)																						
			 , TRIM(?)
			 , TRIM(?)
			 , TRIM(?)
            , TRIM(?), ?, TRIM(?), TRIM(?), TRIM(?)																
            , TRIM(?), TRIM(?), TRIM(?), TRIM(?), TRIM(?)															
            , TRIM(?), TRIM(?)
 			 , TRIM(?)
 			 , TRIM(?)
 			 , TRIM(?)
            , TRIM(?), TRIM(?), TRIM(?), TRIM(?), TRIM(?)
            , TRIM(?), TRIM(?), TRIM(?), TRIM(?), TRIM(?)
            , TRIM(?), TRIM(?), TRIM(?), TRIM(?), TRIM(?)
            , TRIM(?), TRIM(?), TRIM(?), TRIM(?), TRIM(?)
            , TRIM(?), TRIM(?), TRIM(?), TRIM(?), TRIM(?)
            , TRIM(?), SYSDATE, SYSDATE, TRIM(?), TRIM(?)
            , TRIM(?), TRIM(?), TRIM(?), TRIM(?), TRIM(?)
            , TRIM(?), TRIM(?), TRIM(?), TRIM(?), TRIM(?)
            , TRIM(?), TRIM(?)
 )																													]; ORA-01400: cannot insert NULL into ("EXEDI"."TB_TAX_BILL_INFO_ENC"."ELECTRONIC_REPORT_YN")
; nested exception is java.sql.SQLIntegrityConstraintViolationException: ORA-01400: cannot insert NULL into ("EXEDI"."TB_TAX_BILL_INFO_ENC"."ELECTRONIC_REPORT_YN")

	at org.springframework.jdbc.support.SQLErrorCodeSQLExceptionTranslator.doTranslate(SQLErrorCodeSQLExceptionTranslator.java:251)
	at org.springframework.jdbc.support.AbstractFallbackSQLExceptionTranslator.translate(AbstractFallbackSQLExceptionTranslator.java:70)
	at org.springframework.jdbc.core.JdbcTemplate.translateException(JdbcTemplate.java:1541)
	at org.springframework.jdbc.core.JdbcTemplate.execute(JdbcTemplate.java:667)
	at org.springframework.jdbc.core.JdbcTemplate.execute(JdbcTemplate.java:691)
	at org.springframework.batch.item.database.JdbcBatchItemWriter.write(JdbcBatchItemWriter.java:186)
	at org.springframework.batch.item.support.CompositeItemWriter.write(CompositeItemWriter.java:59)
	at org.springframework.batch.core.step.item.SimpleChunkProcessor.writeItems(SimpleChunkProcessor.java:193)
	at org.springframework.batch.core.step.item.SimpleChunkProcessor.doWrite(SimpleChunkProcessor.java:159)
	at org.springframework.batch.core.step.item.SimpleChunkProcessor.write(SimpleChunkProcessor.java:294)
	at org.springframework.batch.core.step.item.SimpleChunkProcessor.process(SimpleChunkProcessor.java:217)
	at org.springframework.batch.core.step.item.ChunkOrientedTasklet.execute(ChunkOrientedTasklet.java:77)
	at org.springframework.batch.core.step.tasklet.TaskletStep$ChunkTransactionCallback.doInTransaction(TaskletStep.java:407)
	at org.springframework.batch.core.step.tasklet.TaskletStep$ChunkTransactionCallback.doInTransaction(TaskletStep.java:331)
	at org.springframework.transaction.support.TransactionTemplate.execute(TransactionTemplate.java:140)
	at org.springframework.batch.core.step.tasklet.TaskletStep$2.doInChunkContext(TaskletStep.java:273)
	at org.springframework.batch.core.scope.context.StepContextRepeatCallback.doInIteration(StepContextRepeatCallback.java:82)
	at org.springframework.batch.repeat.support.RepeatTemplate.getNextResult(RepeatTemplate.java:375)
	at org.springframework.batch.repeat.support.RepeatTemplate.executeInternal(RepeatTemplate.java:215)
	at org.springframework.batch.repeat.support.RepeatTemplate.iterate(RepeatTemplate.java:145)
	at org.springframework.batch.core.step.tasklet.TaskletStep.doExecute(TaskletStep.java:258)
	at org.springframework.batch.core.step.AbstractStep.execute(AbstractStep.java:208)
	at org.springframework.batch.core.job.SimpleStepHandler.handleStep(SimpleStepHandler.java:148)
	at org.springframework.batch.core.job.AbstractJob.handleStep(AbstractJob.java:411)
	at org.springframework.batch.core.job.SimpleJob.doExecute(SimpleJob.java:136)
	at org.springframework.batch.core.job.AbstractJob.execute(AbstractJob.java:320)
	at org.springframework.batch.core.launch.support.SimpleJobLauncher$1.run(SimpleJobLauncher.java:147)
	at org.springframework.core.task.SyncTaskExecutor.execute(SyncTaskExecutor.java:50)
	at org.springframework.batch.core.launch.support.SimpleJobLauncher.run(SimpleJobLauncher.java:140)
	at sun.reflect.NativeMethodAccessorImpl.invoke0(Native Method)
	at sun.reflect.NativeMethodAccessorImpl.invoke(NativeMethodAccessorImpl.java:62)
	at sun.reflect.DelegatingMethodAccessorImpl.invoke(DelegatingMethodAccessorImpl.java:43)
	at java.lang.reflect.Method.invoke(Method.java:498)
	at org.springframework.aop.support.AopUtils.invokeJoinpointUsingReflection(AopUtils.java:344)
	at org.springframework.aop.framework.ReflectiveMethodInvocation.invokeJoinpoint(ReflectiveMethodInvocation.java:198)
	at org.springframework.aop.framework.ReflectiveMethodInvocation.proceed(ReflectiveMethodInvocation.java:163)
	at org.springframework.batch.core.configuration.annotation.SimpleBatchConfiguration$PassthruAdvice.invoke(SimpleBatchConfiguration.java:128)
	at org.springframework.aop.framework.ReflectiveMethodInvocation.proceed(ReflectiveMethodInvocation.java:186)
	at org.springframework.aop.framework.JdkDynamicAopProxy.invoke(JdkDynamicAopProxy.java:215)
	at com.sun.proxy.$Proxy50.run(Unknown Source)
	at io.spring.batch.quartz.QuartzJobLauncher.executeInternal(QuartzJobLauncher.java:64)
	at org.springframework.scheduling.quartz.QuartzJobBean.execute(QuartzJobBean.java:75)
	at org.quartz.core.JobRunShell.run(JobRunShell.java:202)
	at org.quartz.simpl.SimpleThreadPool$WorkerThread.run(SimpleThreadPool.java:573)
Caused by: java.sql.SQLIntegrityConstraintViolationException: ORA-01400: cannot insert NULL into ("EXEDI"."TB_TAX_BILL_INFO_ENC"."ELECTRONIC_REPORT_YN")

	at oracle.jdbc.driver.T4CTTIoer11.processError(T4CTTIoer11.java:509)
	at oracle.jdbc.driver.T4CTTIoer11.processError(T4CTTIoer11.java:461)
	at oracle.jdbc.driver.T4C8Oall.processError(T4C8Oall.java:1104)
	at oracle.jdbc.driver.T4CTTIfun.receive(T4CTTIfun.java:553)
	at oracle.jdbc.driver.T4CTTIfun.doRPC(T4CTTIfun.java:269)
	at oracle.jdbc.driver.T4C8Oall.doOALL(T4C8Oall.java:655)
	at oracle.jdbc.driver.T4CPreparedStatement.doOall8(T4CPreparedStatement.java:270)
	at oracle.jdbc.driver.T4CPreparedStatement.doOall8(T4CPreparedStatement.java:91)
	at oracle.jdbc.driver.T4CPreparedStatement.executeForRows(T4CPreparedStatement.java:970)
	at oracle.jdbc.driver.OraclePreparedStatement.executeForRowsWithTimeout(OraclePreparedStatement.java:9452)
	at oracle.jdbc.driver.OraclePreparedStatement.executeLargeBatch(OraclePreparedStatement.java:9556)
	at oracle.jdbc.driver.T4CPreparedStatement.executeLargeBatch(T4CPreparedStatement.java:1447)
	at oracle.jdbc.driver.OraclePreparedStatement.executeBatch(OraclePreparedStatement.java:9487)
	at oracle.jdbc.driver.OracleStatementWrapper.executeBatch(OracleStatementWrapper.java:237)
	at com.zaxxer.hikari.pool.ProxyStatement.executeBatch(ProxyStatement.java:128)
	at com.zaxxer.hikari.pool.HikariProxyPreparedStatement.executeBatch(HikariProxyPreparedStatement.java)
	at org.springframework.batch.item.database.JdbcBatchItemWriter$1.doInPreparedStatement(JdbcBatchItemWriter.java:193)
	at org.springframework.batch.item.database.JdbcBatchItemWriter$1.doInPreparedStatement(JdbcBatchItemWriter.java:186)
	at org.springframework.jdbc.core.JdbcTemplate.execute(JdbcTemplate.java:651)
	... 40 common frames omitted
Caused by: oracle.jdbc.OracleDatabaseException: ORA-01400: cannot insert NULL into ("EXEDI"."TB_TAX_BILL_INFO_ENC"."ELECTRONIC_REPORT_YN")

	at oracle.jdbc.driver.T4CTTIoer11.processError(T4CTTIoer11.java:513)
	... 58 common frames omitted
2021-03-22 00:41:10,070 INFO org.springframework.batch.core.step.AbstractStep [schedulerFactoryBean_Worker-2] Step: [step1] executed in 25ms
2021-03-22 00:41:10,085 INFO org.springframework.batch.core.launch.support.SimpleJobLauncher$1 [schedulerFactoryBean_Worker-2] Job: [SimpleJob: [name=job]] completed with the following parameters: [{JobID=1616341270010}] and the following status: [FAILED] in 52ms
2021-03-22 00:45:42,496 INFO org.springframework.boot.StartupInfoLogger [main] Starting BatchIntegrationApplication using Java 1.8.0_281 on DESKTOP-A0LAQFT with PID 9740 (F:\projects\ppa-project\build\classes\java\main started by KHC in F:\projects\ppa-project)
2021-03-22 00:45:42,499 INFO org.springframework.boot.SpringApplication [main] No active profile set, falling back to default profiles: default
2021-03-22 00:45:43,097 INFO org.springframework.data.repository.config.RepositoryConfigurationDelegate [main] Bootstrapping Spring Data JPA repositories in DEFAULT mode.
2021-03-22 00:45:43,111 INFO org.springframework.data.repository.config.RepositoryConfigurationDelegate [main] Finished Spring Data repository scanning in 8 ms. Found 0 JPA repository interfaces.
2021-03-22 00:45:43,246 INFO org.springframework.context.support.PostProcessorRegistrationDelegate$BeanPostProcessorChecker [main] Bean 'org.springframework.boot.autoconfigure.jdbc.DataSourceConfiguration$Hikari' of type [org.springframework.boot.autoconfigure.jdbc.DataSourceConfiguration$Hikari] is not eligible for getting processed by all BeanPostProcessors (for example: not eligible for auto-proxying)
2021-03-22 00:45:43,265 INFO org.springframework.context.support.PostProcessorRegistrationDelegate$BeanPostProcessorChecker [main] Bean 'spring.datasource-org.springframework.boot.autoconfigure.jdbc.DataSourceProperties' of type [org.springframework.boot.autoconfigure.jdbc.DataSourceProperties] is not eligible for getting processed by all BeanPostProcessors (for example: not eligible for auto-proxying)
2021-03-22 00:45:43,298 INFO org.springframework.context.support.PostProcessorRegistrationDelegate$BeanPostProcessorChecker [main] Bean 'dataSource' of type [com.zaxxer.hikari.HikariDataSource] is not eligible for getting processed by all BeanPostProcessors (for example: not eligible for auto-proxying)
2021-03-22 00:45:43,305 INFO org.springframework.context.support.PostProcessorRegistrationDelegate$BeanPostProcessorChecker [main] Bean 'org.springframework.boot.autoconfigure.jdbc.DataSourceInitializerInvoker' of type [org.springframework.boot.autoconfigure.jdbc.DataSourceInitializerInvoker] is not eligible for getting processed by all BeanPostProcessors (for example: not eligible for auto-proxying)
2021-03-22 00:45:43,314 INFO org.springframework.context.support.PostProcessorRegistrationDelegate$BeanPostProcessorChecker [main] Bean 'org.springframework.batch.core.configuration.annotation.SimpleBatchConfiguration' of type [org.springframework.batch.core.configuration.annotation.SimpleBatchConfiguration] is not eligible for getting processed by all BeanPostProcessors (for example: not eligible for auto-proxying)
2021-03-22 00:45:43,316 INFO org.springframework.context.support.PostProcessorRegistrationDelegate$BeanPostProcessorChecker [main] Bean 'jobLauncher' of type [com.sun.proxy.$Proxy50] is not eligible for getting processed by all BeanPostProcessors (for example: not eligible for auto-proxying)
2021-03-22 00:45:43,319 INFO org.springframework.context.support.PostProcessorRegistrationDelegate$BeanPostProcessorChecker [main] Bean 'jobRegistry' of type [com.sun.proxy.$Proxy52] is not eligible for getting processed by all BeanPostProcessors (for example: not eligible for auto-proxying)
2021-03-22 00:45:43,320 INFO org.springframework.context.support.PostProcessorRegistrationDelegate$BeanPostProcessorChecker [main] Bean 'quartzConfig' of type [io.spring.batch.configuration.QuartzConfig$$EnhancerBySpringCGLIB$$268b4ac0] is not eligible for getting processed by all BeanPostProcessors (for example: not eligible for auto-proxying)
2021-03-22 00:45:43,371 INFO com.zaxxer.hikari.HikariDataSource [main] HikariPool-1 - Starting...
2021-03-22 00:45:43,374 WARN com.zaxxer.hikari.util.DriverDataSource [main] Registered driver with driverClassName=oracle.jdbc.driver.OracleDriver was not found, trying direct instantiation.
2021-03-22 00:45:44,027 INFO com.zaxxer.hikari.HikariDataSource [main] HikariPool-1 - Start completed.
2021-03-22 00:45:44,062 INFO org.hibernate.jpa.internal.util.LogHelper [main] HHH000204: Processing PersistenceUnitInfo [name: default]
2021-03-22 00:45:44,098 INFO org.hibernate.Version [main] HHH000412: Hibernate ORM core version 5.4.28.Final
2021-03-22 00:45:44,238 INFO org.hibernate.annotations.common.reflection.java.JavaReflectionManager [main] HCANN000001: Hibernate Commons Annotations {5.1.2.Final}
2021-03-22 00:45:44,354 INFO org.hibernate.dialect.Dialect [main] HHH000400: Using dialect: org.hibernate.dialect.Oracle12cDialect
2021-03-22 00:45:46,055 INFO org.hibernate.engine.transaction.jta.platform.internal.JtaPlatformInitiator [main] HHH000490: Using JtaPlatform implementation: [org.hibernate.engine.transaction.jta.platform.internal.NoJtaPlatform]
2021-03-22 00:45:46,064 INFO org.springframework.orm.jpa.AbstractEntityManagerFactoryBean [main] Initialized JPA EntityManagerFactory for persistence unit 'default'
2021-03-22 00:45:46,093 INFO io.spring.batch.configuration.JobConfiguration [main] STEP-1 시작...
2021-03-22 00:45:46,117 INFO io.spring.batch.configuration.JobConfiguration [main] STEP-2 시작...
2021-03-22 00:45:46,138 WARN org.springframework.boot.autoconfigure.batch.JpaBatchConfigurer [main] JPA does not support custom isolation levels, so locks may not be taken when launching Jobs
2021-03-22 00:45:46,142 INFO org.springframework.batch.core.repository.support.JobRepositoryFactoryBean [main] No database type set, using meta data indicating: ORACLE
2021-03-22 00:45:46,214 INFO org.springframework.batch.core.launch.support.SimpleJobLauncher [main] No TaskExecutor has been set, defaulting to synchronous executor.
2021-03-22 00:45:46,253 INFO org.quartz.impl.StdSchedulerFactory [main] Using default implementation for ThreadExecutor
2021-03-22 00:45:46,261 INFO org.quartz.core.SchedulerSignalerImpl [main] Initialized Scheduler Signaller of type: class org.quartz.core.SchedulerSignalerImpl
2021-03-22 00:45:46,262 INFO org.quartz.core.QuartzScheduler [main] Quartz Scheduler v.2.3.2 created.
2021-03-22 00:45:46,262 INFO org.quartz.simpl.RAMJobStore [main] RAMJobStore initialized.
2021-03-22 00:45:46,263 INFO org.quartz.core.QuartzScheduler [main] Scheduler meta-data: Quartz Scheduler (v2.3.2) 'schedulerFactoryBean' with instanceId 'NON_CLUSTERED'
  Scheduler class: 'org.quartz.core.QuartzScheduler' - running locally.
  NOT STARTED.
  Currently in standby mode.
  Number of jobs executed: 0
  Using thread pool 'org.quartz.simpl.SimpleThreadPool' - with 10 threads.
  Using job-store 'org.quartz.simpl.RAMJobStore' - which does not support persistence. and is not clustered.

2021-03-22 00:45:46,263 INFO org.quartz.impl.StdSchedulerFactory [main] Quartz scheduler 'schedulerFactoryBean' initialized from an externally provided properties instance.
2021-03-22 00:45:46,264 INFO org.quartz.impl.StdSchedulerFactory [main] Quartz scheduler version: 2.3.2
2021-03-22 00:45:46,265 INFO org.quartz.core.QuartzScheduler [main] JobFactory set to: org.springframework.scheduling.quartz.AdaptableJobFactory@10c47c79
2021-03-22 00:45:46,367 INFO org.springframework.scheduling.quartz.SchedulerFactoryBean [main] Starting Quartz Scheduler now
2021-03-22 00:45:46,367 INFO org.quartz.core.QuartzScheduler [main] Scheduler schedulerFactoryBean_$_NON_CLUSTERED started.
2021-03-22 00:45:46,375 INFO org.springframework.boot.StartupInfoLogger [main] Started BatchIntegrationApplication in 4.363 seconds (JVM running for 5.187)
2021-03-22 00:45:50,121 INFO org.springframework.batch.core.launch.support.SimpleJobLauncher$1 [schedulerFactoryBean_Worker-1] Job: [SimpleJob: [name=job]] launched with the following parameters: [{JobID=1616341550021}]
2021-03-22 00:45:50,164 INFO org.springframework.batch.core.job.SimpleStepHandler [schedulerFactoryBean_Worker-1] Executing step: [step1]
2021-03-22 00:45:50,218 ERROR org.springframework.batch.core.step.AbstractStep [schedulerFactoryBean_Worker-1] Encountered an error executing step step1 in job job
java.lang.NullPointerException: null
	at org.springframework.batch.item.database.JdbcBatchItemWriter$1.doInPreparedStatement(JdbcBatchItemWriter.java:190)
	at org.springframework.batch.item.database.JdbcBatchItemWriter$1.doInPreparedStatement(JdbcBatchItemWriter.java:186)
	at org.springframework.jdbc.core.JdbcTemplate.execute(JdbcTemplate.java:651)
	at org.springframework.jdbc.core.JdbcTemplate.execute(JdbcTemplate.java:691)
	at org.springframework.batch.item.database.JdbcBatchItemWriter.write(JdbcBatchItemWriter.java:186)
	at org.springframework.batch.item.support.CompositeItemWriter.write(CompositeItemWriter.java:59)
	at org.springframework.batch.core.step.item.SimpleChunkProcessor.writeItems(SimpleChunkProcessor.java:193)
	at org.springframework.batch.core.step.item.SimpleChunkProcessor.doWrite(SimpleChunkProcessor.java:159)
	at org.springframework.batch.core.step.item.SimpleChunkProcessor.write(SimpleChunkProcessor.java:294)
	at org.springframework.batch.core.step.item.SimpleChunkProcessor.process(SimpleChunkProcessor.java:217)
	at org.springframework.batch.core.step.item.ChunkOrientedTasklet.execute(ChunkOrientedTasklet.java:77)
	at org.springframework.batch.core.step.tasklet.TaskletStep$ChunkTransactionCallback.doInTransaction(TaskletStep.java:407)
	at org.springframework.batch.core.step.tasklet.TaskletStep$ChunkTransactionCallback.doInTransaction(TaskletStep.java:331)
	at org.springframework.transaction.support.TransactionTemplate.execute(TransactionTemplate.java:140)
	at org.springframework.batch.core.step.tasklet.TaskletStep$2.doInChunkContext(TaskletStep.java:273)
	at org.springframework.batch.core.scope.context.StepContextRepeatCallback.doInIteration(StepContextRepeatCallback.java:82)
	at org.springframework.batch.repeat.support.RepeatTemplate.getNextResult(RepeatTemplate.java:375)
	at org.springframework.batch.repeat.support.RepeatTemplate.executeInternal(RepeatTemplate.java:215)
	at org.springframework.batch.repeat.support.RepeatTemplate.iterate(RepeatTemplate.java:145)
	at org.springframework.batch.core.step.tasklet.TaskletStep.doExecute(TaskletStep.java:258)
	at org.springframework.batch.core.step.AbstractStep.execute(AbstractStep.java:208)
	at org.springframework.batch.core.job.SimpleStepHandler.handleStep(SimpleStepHandler.java:148)
	at org.springframework.batch.core.job.AbstractJob.handleStep(AbstractJob.java:411)
	at org.springframework.batch.core.job.SimpleJob.doExecute(SimpleJob.java:136)
	at org.springframework.batch.core.job.AbstractJob.execute(AbstractJob.java:320)
	at org.springframework.batch.core.launch.support.SimpleJobLauncher$1.run(SimpleJobLauncher.java:147)
	at org.springframework.core.task.SyncTaskExecutor.execute(SyncTaskExecutor.java:50)
	at org.springframework.batch.core.launch.support.SimpleJobLauncher.run(SimpleJobLauncher.java:140)
	at sun.reflect.NativeMethodAccessorImpl.invoke0(Native Method)
	at sun.reflect.NativeMethodAccessorImpl.invoke(NativeMethodAccessorImpl.java:62)
	at sun.reflect.DelegatingMethodAccessorImpl.invoke(DelegatingMethodAccessorImpl.java:43)
	at java.lang.reflect.Method.invoke(Method.java:498)
	at org.springframework.aop.support.AopUtils.invokeJoinpointUsingReflection(AopUtils.java:344)
	at org.springframework.aop.framework.ReflectiveMethodInvocation.invokeJoinpoint(ReflectiveMethodInvocation.java:198)
	at org.springframework.aop.framework.ReflectiveMethodInvocation.proceed(ReflectiveMethodInvocation.java:163)
	at org.springframework.batch.core.configuration.annotation.SimpleBatchConfiguration$PassthruAdvice.invoke(SimpleBatchConfiguration.java:128)
	at org.springframework.aop.framework.ReflectiveMethodInvocation.proceed(ReflectiveMethodInvocation.java:186)
	at org.springframework.aop.framework.JdkDynamicAopProxy.invoke(JdkDynamicAopProxy.java:215)
	at com.sun.proxy.$Proxy50.run(Unknown Source)
	at io.spring.batch.quartz.QuartzJobLauncher.executeInternal(QuartzJobLauncher.java:64)
	at org.springframework.scheduling.quartz.QuartzJobBean.execute(QuartzJobBean.java:75)
	at org.quartz.core.JobRunShell.run(JobRunShell.java:202)
	at org.quartz.simpl.SimpleThreadPool$WorkerThread.run(SimpleThreadPool.java:573)
2021-03-22 00:45:50,222 INFO org.springframework.batch.core.step.AbstractStep [schedulerFactoryBean_Worker-1] Step: [step1] executed in 58ms
2021-03-22 00:45:50,240 INFO org.springframework.batch.core.launch.support.SimpleJobLauncher$1 [schedulerFactoryBean_Worker-1] Job: [SimpleJob: [name=job]] completed with the following parameters: [{JobID=1616341550021}] and the following status: [FAILED] in 95ms
2021-03-22 00:46:00,025 INFO org.springframework.batch.core.launch.support.SimpleJobLauncher$1 [schedulerFactoryBean_Worker-2] Job: [SimpleJob: [name=job]] launched with the following parameters: [{JobID=1616341560004}]
2021-03-22 00:46:00,041 INFO org.springframework.batch.core.job.SimpleStepHandler [schedulerFactoryBean_Worker-2] Executing step: [step1]
2021-03-22 00:46:00,058 ERROR org.springframework.batch.core.step.AbstractStep [schedulerFactoryBean_Worker-2] Encountered an error executing step step1 in job job
java.lang.NullPointerException: null
	at org.springframework.batch.item.database.JdbcBatchItemWriter$1.doInPreparedStatement(JdbcBatchItemWriter.java:190)
	at org.springframework.batch.item.database.JdbcBatchItemWriter$1.doInPreparedStatement(JdbcBatchItemWriter.java:186)
	at org.springframework.jdbc.core.JdbcTemplate.execute(JdbcTemplate.java:651)
	at org.springframework.jdbc.core.JdbcTemplate.execute(JdbcTemplate.java:691)
	at org.springframework.batch.item.database.JdbcBatchItemWriter.write(JdbcBatchItemWriter.java:186)
	at org.springframework.batch.item.support.CompositeItemWriter.write(CompositeItemWriter.java:59)
	at org.springframework.batch.core.step.item.SimpleChunkProcessor.writeItems(SimpleChunkProcessor.java:193)
	at org.springframework.batch.core.step.item.SimpleChunkProcessor.doWrite(SimpleChunkProcessor.java:159)
	at org.springframework.batch.core.step.item.SimpleChunkProcessor.write(SimpleChunkProcessor.java:294)
	at org.springframework.batch.core.step.item.SimpleChunkProcessor.process(SimpleChunkProcessor.java:217)
	at org.springframework.batch.core.step.item.ChunkOrientedTasklet.execute(ChunkOrientedTasklet.java:77)
	at org.springframework.batch.core.step.tasklet.TaskletStep$ChunkTransactionCallback.doInTransaction(TaskletStep.java:407)
	at org.springframework.batch.core.step.tasklet.TaskletStep$ChunkTransactionCallback.doInTransaction(TaskletStep.java:331)
	at org.springframework.transaction.support.TransactionTemplate.execute(TransactionTemplate.java:140)
	at org.springframework.batch.core.step.tasklet.TaskletStep$2.doInChunkContext(TaskletStep.java:273)
	at org.springframework.batch.core.scope.context.StepContextRepeatCallback.doInIteration(StepContextRepeatCallback.java:82)
	at org.springframework.batch.repeat.support.RepeatTemplate.getNextResult(RepeatTemplate.java:375)
	at org.springframework.batch.repeat.support.RepeatTemplate.executeInternal(RepeatTemplate.java:215)
	at org.springframework.batch.repeat.support.RepeatTemplate.iterate(RepeatTemplate.java:145)
	at org.springframework.batch.core.step.tasklet.TaskletStep.doExecute(TaskletStep.java:258)
	at org.springframework.batch.core.step.AbstractStep.execute(AbstractStep.java:208)
	at org.springframework.batch.core.job.SimpleStepHandler.handleStep(SimpleStepHandler.java:148)
	at org.springframework.batch.core.job.AbstractJob.handleStep(AbstractJob.java:411)
	at org.springframework.batch.core.job.SimpleJob.doExecute(SimpleJob.java:136)
	at org.springframework.batch.core.job.AbstractJob.execute(AbstractJob.java:320)
	at org.springframework.batch.core.launch.support.SimpleJobLauncher$1.run(SimpleJobLauncher.java:147)
	at org.springframework.core.task.SyncTaskExecutor.execute(SyncTaskExecutor.java:50)
	at org.springframework.batch.core.launch.support.SimpleJobLauncher.run(SimpleJobLauncher.java:140)
	at sun.reflect.NativeMethodAccessorImpl.invoke0(Native Method)
	at sun.reflect.NativeMethodAccessorImpl.invoke(NativeMethodAccessorImpl.java:62)
	at sun.reflect.DelegatingMethodAccessorImpl.invoke(DelegatingMethodAccessorImpl.java:43)
	at java.lang.reflect.Method.invoke(Method.java:498)
	at org.springframework.aop.support.AopUtils.invokeJoinpointUsingReflection(AopUtils.java:344)
	at org.springframework.aop.framework.ReflectiveMethodInvocation.invokeJoinpoint(ReflectiveMethodInvocation.java:198)
	at org.springframework.aop.framework.ReflectiveMethodInvocation.proceed(ReflectiveMethodInvocation.java:163)
	at org.springframework.batch.core.configuration.annotation.SimpleBatchConfiguration$PassthruAdvice.invoke(SimpleBatchConfiguration.java:128)
	at org.springframework.aop.framework.ReflectiveMethodInvocation.proceed(ReflectiveMethodInvocation.java:186)
	at org.springframework.aop.framework.JdkDynamicAopProxy.invoke(JdkDynamicAopProxy.java:215)
	at com.sun.proxy.$Proxy50.run(Unknown Source)
	at io.spring.batch.quartz.QuartzJobLauncher.executeInternal(QuartzJobLauncher.java:64)
	at org.springframework.scheduling.quartz.QuartzJobBean.execute(QuartzJobBean.java:75)
	at org.quartz.core.JobRunShell.run(JobRunShell.java:202)
	at org.quartz.simpl.SimpleThreadPool$WorkerThread.run(SimpleThreadPool.java:573)
2021-03-22 00:46:00,062 INFO org.springframework.batch.core.step.AbstractStep [schedulerFactoryBean_Worker-2] Step: [step1] executed in 21ms
2021-03-22 00:46:00,075 INFO org.springframework.batch.core.launch.support.SimpleJobLauncher$1 [schedulerFactoryBean_Worker-2] Job: [SimpleJob: [name=job]] completed with the following parameters: [{JobID=1616341560004}] and the following status: [FAILED] in 44ms
2021-03-22 00:50:02,119 INFO org.springframework.boot.StartupInfoLogger [main] Starting BatchIntegrationApplication using Java 1.8.0_281 on DESKTOP-A0LAQFT with PID 3316 (F:\projects\ppa-project\build\classes\java\main started by KHC in F:\projects\ppa-project)
2021-03-22 00:50:02,122 INFO org.springframework.boot.SpringApplication [main] No active profile set, falling back to default profiles: default
2021-03-22 00:50:02,465 INFO org.springframework.data.repository.config.RepositoryConfigurationDelegate [main] Bootstrapping Spring Data JPA repositories in DEFAULT mode.
2021-03-22 00:50:02,479 INFO org.springframework.data.repository.config.RepositoryConfigurationDelegate [main] Finished Spring Data repository scanning in 8 ms. Found 0 JPA repository interfaces.
2021-03-22 00:50:02,621 INFO org.springframework.context.support.PostProcessorRegistrationDelegate$BeanPostProcessorChecker [main] Bean 'org.springframework.boot.autoconfigure.jdbc.DataSourceConfiguration$Hikari' of type [org.springframework.boot.autoconfigure.jdbc.DataSourceConfiguration$Hikari] is not eligible for getting processed by all BeanPostProcessors (for example: not eligible for auto-proxying)
2021-03-22 00:50:02,641 INFO org.springframework.context.support.PostProcessorRegistrationDelegate$BeanPostProcessorChecker [main] Bean 'spring.datasource-org.springframework.boot.autoconfigure.jdbc.DataSourceProperties' of type [org.springframework.boot.autoconfigure.jdbc.DataSourceProperties] is not eligible for getting processed by all BeanPostProcessors (for example: not eligible for auto-proxying)
2021-03-22 00:50:02,675 INFO org.springframework.context.support.PostProcessorRegistrationDelegate$BeanPostProcessorChecker [main] Bean 'dataSource' of type [com.zaxxer.hikari.HikariDataSource] is not eligible for getting processed by all BeanPostProcessors (for example: not eligible for auto-proxying)
2021-03-22 00:50:02,683 INFO org.springframework.context.support.PostProcessorRegistrationDelegate$BeanPostProcessorChecker [main] Bean 'org.springframework.boot.autoconfigure.jdbc.DataSourceInitializerInvoker' of type [org.springframework.boot.autoconfigure.jdbc.DataSourceInitializerInvoker] is not eligible for getting processed by all BeanPostProcessors (for example: not eligible for auto-proxying)
2021-03-22 00:50:02,693 INFO org.springframework.context.support.PostProcessorRegistrationDelegate$BeanPostProcessorChecker [main] Bean 'org.springframework.batch.core.configuration.annotation.SimpleBatchConfiguration' of type [org.springframework.batch.core.configuration.annotation.SimpleBatchConfiguration] is not eligible for getting processed by all BeanPostProcessors (for example: not eligible for auto-proxying)
2021-03-22 00:50:02,696 INFO org.springframework.context.support.PostProcessorRegistrationDelegate$BeanPostProcessorChecker [main] Bean 'jobLauncher' of type [com.sun.proxy.$Proxy50] is not eligible for getting processed by all BeanPostProcessors (for example: not eligible for auto-proxying)
2021-03-22 00:50:02,700 INFO org.springframework.context.support.PostProcessorRegistrationDelegate$BeanPostProcessorChecker [main] Bean 'jobRegistry' of type [com.sun.proxy.$Proxy52] is not eligible for getting processed by all BeanPostProcessors (for example: not eligible for auto-proxying)
2021-03-22 00:50:02,701 INFO org.springframework.context.support.PostProcessorRegistrationDelegate$BeanPostProcessorChecker [main] Bean 'quartzConfig' of type [io.spring.batch.configuration.QuartzConfig$$EnhancerBySpringCGLIB$$66b653e7] is not eligible for getting processed by all BeanPostProcessors (for example: not eligible for auto-proxying)
2021-03-22 00:50:02,749 INFO com.zaxxer.hikari.HikariDataSource [main] HikariPool-1 - Starting...
2021-03-22 00:50:02,750 WARN com.zaxxer.hikari.util.DriverDataSource [main] Registered driver with driverClassName=oracle.jdbc.driver.OracleDriver was not found, trying direct instantiation.
2021-03-22 00:50:03,232 INFO com.zaxxer.hikari.HikariDataSource [main] HikariPool-1 - Start completed.
2021-03-22 00:50:03,260 INFO org.hibernate.jpa.internal.util.LogHelper [main] HHH000204: Processing PersistenceUnitInfo [name: default]
2021-03-22 00:50:03,290 INFO org.hibernate.Version [main] HHH000412: Hibernate ORM core version 5.4.28.Final
2021-03-22 00:50:03,386 INFO org.hibernate.annotations.common.reflection.java.JavaReflectionManager [main] HCANN000001: Hibernate Commons Annotations {5.1.2.Final}
2021-03-22 00:50:03,473 INFO org.hibernate.dialect.Dialect [main] HHH000400: Using dialect: org.hibernate.dialect.Oracle12cDialect
2021-03-22 00:50:05,124 INFO org.hibernate.engine.transaction.jta.platform.internal.JtaPlatformInitiator [main] HHH000490: Using JtaPlatform implementation: [org.hibernate.engine.transaction.jta.platform.internal.NoJtaPlatform]
2021-03-22 00:50:05,131 INFO org.springframework.orm.jpa.AbstractEntityManagerFactoryBean [main] Initialized JPA EntityManagerFactory for persistence unit 'default'
2021-03-22 00:50:05,154 INFO io.spring.batch.configuration.JobConfiguration [main] STEP-1 시작...
2021-03-22 00:50:05,171 INFO io.spring.batch.configuration.JobConfiguration [main] STEP-2 시작...
2021-03-22 00:50:05,189 WARN org.springframework.boot.autoconfigure.batch.JpaBatchConfigurer [main] JPA does not support custom isolation levels, so locks may not be taken when launching Jobs
2021-03-22 00:50:05,191 INFO org.springframework.batch.core.repository.support.JobRepositoryFactoryBean [main] No database type set, using meta data indicating: ORACLE
2021-03-22 00:50:05,250 INFO org.springframework.batch.core.launch.support.SimpleJobLauncher [main] No TaskExecutor has been set, defaulting to synchronous executor.
2021-03-22 00:50:05,281 INFO org.quartz.impl.StdSchedulerFactory [main] Using default implementation for ThreadExecutor
2021-03-22 00:50:05,287 INFO org.quartz.core.SchedulerSignalerImpl [main] Initialized Scheduler Signaller of type: class org.quartz.core.SchedulerSignalerImpl
2021-03-22 00:50:05,287 INFO org.quartz.core.QuartzScheduler [main] Quartz Scheduler v.2.3.2 created.
2021-03-22 00:50:05,288 INFO org.quartz.simpl.RAMJobStore [main] RAMJobStore initialized.
2021-03-22 00:50:05,288 INFO org.quartz.core.QuartzScheduler [main] Scheduler meta-data: Quartz Scheduler (v2.3.2) 'schedulerFactoryBean' with instanceId 'NON_CLUSTERED'
  Scheduler class: 'org.quartz.core.QuartzScheduler' - running locally.
  NOT STARTED.
  Currently in standby mode.
  Number of jobs executed: 0
  Using thread pool 'org.quartz.simpl.SimpleThreadPool' - with 10 threads.
  Using job-store 'org.quartz.simpl.RAMJobStore' - which does not support persistence. and is not clustered.

2021-03-22 00:50:05,288 INFO org.quartz.impl.StdSchedulerFactory [main] Quartz scheduler 'schedulerFactoryBean' initialized from an externally provided properties instance.
2021-03-22 00:50:05,288 INFO org.quartz.impl.StdSchedulerFactory [main] Quartz scheduler version: 2.3.2
2021-03-22 00:50:05,289 INFO org.quartz.core.QuartzScheduler [main] JobFactory set to: org.springframework.scheduling.quartz.AdaptableJobFactory@2c9a6717
2021-03-22 00:50:05,363 INFO org.springframework.scheduling.quartz.SchedulerFactoryBean [main] Starting Quartz Scheduler now
2021-03-22 00:50:05,364 INFO org.quartz.core.QuartzScheduler [main] Scheduler schedulerFactoryBean_$_NON_CLUSTERED started.
2021-03-22 00:50:05,369 INFO org.springframework.boot.StartupInfoLogger [main] Started BatchIntegrationApplication in 3.633 seconds (JVM running for 4.353)
2021-03-22 00:50:10,102 INFO org.springframework.batch.core.launch.support.SimpleJobLauncher$1 [schedulerFactoryBean_Worker-1] Job: [SimpleJob: [name=job]] launched with the following parameters: [{JobID=1616341810012}]
2021-03-22 00:50:10,139 INFO org.springframework.batch.core.job.SimpleStepHandler [schedulerFactoryBean_Worker-1] Executing step: [step1]
2021-03-22 00:50:10,191 INFO org.springframework.batch.core.step.AbstractStep [schedulerFactoryBean_Worker-1] Step: [step1] executed in 52ms
2021-03-22 00:50:10,206 INFO org.springframework.batch.core.launch.support.SimpleJobLauncher$1 [schedulerFactoryBean_Worker-1] Job: [SimpleJob: [name=job]] completed with the following parameters: [{JobID=1616341810012}] and the following status: [COMPLETED] in 84ms
2021-03-22 00:50:20,020 INFO org.springframework.batch.core.launch.support.SimpleJobLauncher$1 [schedulerFactoryBean_Worker-2] Job: [SimpleJob: [name=job]] launched with the following parameters: [{JobID=1616341820003}]
2021-03-22 00:50:20,034 INFO org.springframework.batch.core.job.SimpleStepHandler [schedulerFactoryBean_Worker-2] Executing step: [step1]
2021-03-22 00:50:20,053 INFO org.springframework.batch.core.step.AbstractStep [schedulerFactoryBean_Worker-2] Step: [step1] executed in 19ms
2021-03-22 00:50:20,068 INFO org.springframework.batch.core.launch.support.SimpleJobLauncher$1 [schedulerFactoryBean_Worker-2] Job: [SimpleJob: [name=job]] completed with the following parameters: [{JobID=1616341820003}] and the following status: [COMPLETED] in 40ms
2021-03-22 00:50:30,019 INFO org.springframework.batch.core.launch.support.SimpleJobLauncher$1 [schedulerFactoryBean_Worker-3] Job: [SimpleJob: [name=job]] launched with the following parameters: [{JobID=1616341830004}]
2021-03-22 00:50:30,034 INFO org.springframework.batch.core.job.SimpleStepHandler [schedulerFactoryBean_Worker-3] Executing step: [step1]
2021-03-22 00:50:30,054 INFO org.springframework.batch.core.step.AbstractStep [schedulerFactoryBean_Worker-3] Step: [step1] executed in 20ms
2021-03-22 00:50:30,066 INFO org.springframework.batch.core.launch.support.SimpleJobLauncher$1 [schedulerFactoryBean_Worker-3] Job: [SimpleJob: [name=job]] completed with the following parameters: [{JobID=1616341830004}] and the following status: [COMPLETED] in 43ms
2021-03-22 00:50:40,017 INFO org.springframework.batch.core.launch.support.SimpleJobLauncher$1 [schedulerFactoryBean_Worker-4] Job: [SimpleJob: [name=job]] launched with the following parameters: [{JobID=1616341840002}]
2021-03-22 00:50:40,035 INFO org.springframework.batch.core.job.SimpleStepHandler [schedulerFactoryBean_Worker-4] Executing step: [step1]
2021-03-22 00:50:40,057 INFO org.springframework.batch.core.step.AbstractStep [schedulerFactoryBean_Worker-4] Step: [step1] executed in 22ms
2021-03-22 00:50:40,073 INFO org.springframework.batch.core.launch.support.SimpleJobLauncher$1 [schedulerFactoryBean_Worker-4] Job: [SimpleJob: [name=job]] completed with the following parameters: [{JobID=1616341840002}] and the following status: [COMPLETED] in 48ms
2021-03-22 00:50:50,023 INFO org.springframework.batch.core.launch.support.SimpleJobLauncher$1 [schedulerFactoryBean_Worker-5] Job: [SimpleJob: [name=job]] launched with the following parameters: [{JobID=1616341850006}]
2021-03-22 00:50:50,041 INFO org.springframework.batch.core.job.SimpleStepHandler [schedulerFactoryBean_Worker-5] Executing step: [step1]
2021-03-22 00:50:50,064 INFO org.springframework.batch.core.step.AbstractStep [schedulerFactoryBean_Worker-5] Step: [step1] executed in 23ms
2021-03-22 00:50:50,080 INFO org.springframework.batch.core.launch.support.SimpleJobLauncher$1 [schedulerFactoryBean_Worker-5] Job: [SimpleJob: [name=job]] completed with the following parameters: [{JobID=1616341850006}] and the following status: [COMPLETED] in 50ms
2021-03-22 00:51:00,028 INFO org.springframework.batch.core.launch.support.SimpleJobLauncher$1 [schedulerFactoryBean_Worker-6] Job: [SimpleJob: [name=job]] launched with the following parameters: [{JobID=1616341860006}]
2021-03-22 00:51:00,044 INFO org.springframework.batch.core.job.SimpleStepHandler [schedulerFactoryBean_Worker-6] Executing step: [step1]
2021-03-22 00:51:00,065 INFO org.springframework.batch.core.step.AbstractStep [schedulerFactoryBean_Worker-6] Step: [step1] executed in 20ms
2021-03-22 00:51:00,078 INFO org.springframework.batch.core.launch.support.SimpleJobLauncher$1 [schedulerFactoryBean_Worker-6] Job: [SimpleJob: [name=job]] completed with the following parameters: [{JobID=1616341860006}] and the following status: [COMPLETED] in 45ms
2021-03-22 00:51:10,025 INFO org.springframework.batch.core.launch.support.SimpleJobLauncher$1 [schedulerFactoryBean_Worker-7] Job: [SimpleJob: [name=job]] launched with the following parameters: [{JobID=1616341870010}]
2021-03-22 00:51:10,039 INFO org.springframework.batch.core.job.SimpleStepHandler [schedulerFactoryBean_Worker-7] Executing step: [step1]
2021-03-22 00:51:10,057 INFO org.springframework.batch.core.step.AbstractStep [schedulerFactoryBean_Worker-7] Step: [step1] executed in 18ms
2021-03-22 00:51:10,069 INFO org.springframework.batch.core.launch.support.SimpleJobLauncher$1 [schedulerFactoryBean_Worker-7] Job: [SimpleJob: [name=job]] completed with the following parameters: [{JobID=1616341870010}] and the following status: [COMPLETED] in 39ms
2021-03-22 00:51:20,028 INFO org.springframework.batch.core.launch.support.SimpleJobLauncher$1 [schedulerFactoryBean_Worker-8] Job: [SimpleJob: [name=job]] launched with the following parameters: [{JobID=1616341880008}]
2021-03-22 00:51:20,045 INFO org.springframework.batch.core.job.SimpleStepHandler [schedulerFactoryBean_Worker-8] Executing step: [step1]
2021-03-22 00:51:20,065 INFO org.springframework.batch.core.step.AbstractStep [schedulerFactoryBean_Worker-8] Step: [step1] executed in 20ms
2021-03-22 00:51:20,081 INFO org.springframework.batch.core.launch.support.SimpleJobLauncher$1 [schedulerFactoryBean_Worker-8] Job: [SimpleJob: [name=job]] completed with the following parameters: [{JobID=1616341880008}] and the following status: [COMPLETED] in 47ms
2021-03-22 00:51:30,021 INFO org.springframework.batch.core.launch.support.SimpleJobLauncher$1 [schedulerFactoryBean_Worker-9] Job: [SimpleJob: [name=job]] launched with the following parameters: [{JobID=1616341890005}]
2021-03-22 00:51:30,038 INFO org.springframework.batch.core.job.SimpleStepHandler [schedulerFactoryBean_Worker-9] Executing step: [step1]
2021-03-22 00:51:30,059 INFO org.springframework.batch.core.step.AbstractStep [schedulerFactoryBean_Worker-9] Step: [step1] executed in 21ms
2021-03-22 00:51:30,104 INFO org.springframework.batch.core.launch.support.SimpleJobLauncher$1 [schedulerFactoryBean_Worker-9] Job: [SimpleJob: [name=job]] completed with the following parameters: [{JobID=1616341890005}] and the following status: [COMPLETED] in 77ms
2021-03-22 00:51:40,019 INFO org.springframework.batch.core.launch.support.SimpleJobLauncher$1 [schedulerFactoryBean_Worker-10] Job: [SimpleJob: [name=job]] launched with the following parameters: [{JobID=1616341900004}]
2021-03-22 00:51:40,038 INFO org.springframework.batch.core.job.SimpleStepHandler [schedulerFactoryBean_Worker-10] Executing step: [step1]
2021-03-22 00:51:40,061 INFO org.springframework.batch.core.step.AbstractStep [schedulerFactoryBean_Worker-10] Step: [step1] executed in 23ms
2021-03-22 00:51:40,076 INFO org.springframework.batch.core.launch.support.SimpleJobLauncher$1 [schedulerFactoryBean_Worker-10] Job: [SimpleJob: [name=job]] completed with the following parameters: [{JobID=1616341900004}] and the following status: [COMPLETED] in 51ms
2021-03-22 00:51:50,018 INFO org.springframework.batch.core.launch.support.SimpleJobLauncher$1 [schedulerFactoryBean_Worker-1] Job: [SimpleJob: [name=job]] launched with the following parameters: [{JobID=1616341910002}]
2021-03-22 00:51:50,032 INFO org.springframework.batch.core.job.SimpleStepHandler [schedulerFactoryBean_Worker-1] Executing step: [step1]
2021-03-22 00:51:50,052 INFO org.springframework.batch.core.step.AbstractStep [schedulerFactoryBean_Worker-1] Step: [step1] executed in 18ms
2021-03-22 00:51:50,064 INFO org.springframework.batch.core.launch.support.SimpleJobLauncher$1 [schedulerFactoryBean_Worker-1] Job: [SimpleJob: [name=job]] completed with the following parameters: [{JobID=1616341910002}] and the following status: [COMPLETED] in 40ms
2021-03-22 00:52:00,041 INFO org.springframework.batch.core.launch.support.SimpleJobLauncher$1 [schedulerFactoryBean_Worker-2] Job: [SimpleJob: [name=job]] launched with the following parameters: [{JobID=1616341920014}]
2021-03-22 00:52:00,075 INFO org.springframework.batch.core.job.SimpleStepHandler [schedulerFactoryBean_Worker-2] Executing step: [step1]
2021-03-22 00:52:00,132 INFO org.springframework.batch.core.step.AbstractStep [schedulerFactoryBean_Worker-2] Step: [step1] executed in 57ms
2021-03-22 00:52:00,145 INFO org.springframework.batch.core.launch.support.SimpleJobLauncher$1 [schedulerFactoryBean_Worker-2] Job: [SimpleJob: [name=job]] completed with the following parameters: [{JobID=1616341920014}] and the following status: [COMPLETED] in 97ms
2021-03-22 00:52:10,027 INFO org.springframework.batch.core.launch.support.SimpleJobLauncher$1 [schedulerFactoryBean_Worker-3] Job: [SimpleJob: [name=job]] launched with the following parameters: [{JobID=1616341930014}]
2021-03-22 00:52:10,041 INFO org.springframework.batch.core.job.SimpleStepHandler [schedulerFactoryBean_Worker-3] Executing step: [step1]
2021-03-22 00:52:10,060 INFO org.springframework.batch.core.step.AbstractStep [schedulerFactoryBean_Worker-3] Step: [step1] executed in 18ms
2021-03-22 00:52:10,073 INFO org.springframework.batch.core.launch.support.SimpleJobLauncher$1 [schedulerFactoryBean_Worker-3] Job: [SimpleJob: [name=job]] completed with the following parameters: [{JobID=1616341930014}] and the following status: [COMPLETED] in 40ms
2021-03-22 00:52:20,019 INFO org.springframework.batch.core.launch.support.SimpleJobLauncher$1 [schedulerFactoryBean_Worker-4] Job: [SimpleJob: [name=job]] launched with the following parameters: [{JobID=1616341940005}]
2021-03-22 00:52:20,033 INFO org.springframework.batch.core.job.SimpleStepHandler [schedulerFactoryBean_Worker-4] Executing step: [step1]
2021-03-22 00:52:20,051 INFO org.springframework.batch.core.step.AbstractStep [schedulerFactoryBean_Worker-4] Step: [step1] executed in 18ms
2021-03-22 00:52:20,064 INFO org.springframework.batch.core.launch.support.SimpleJobLauncher$1 [schedulerFactoryBean_Worker-4] Job: [SimpleJob: [name=job]] completed with the following parameters: [{JobID=1616341940005}] and the following status: [COMPLETED] in 40ms
2021-03-22 00:52:30,028 INFO org.springframework.batch.core.launch.support.SimpleJobLauncher$1 [schedulerFactoryBean_Worker-5] Job: [SimpleJob: [name=job]] launched with the following parameters: [{JobID=1616341950012}]
2021-03-22 00:52:30,041 INFO org.springframework.batch.core.job.SimpleStepHandler [schedulerFactoryBean_Worker-5] Executing step: [step1]
2021-03-22 00:52:30,059 INFO org.springframework.batch.core.step.AbstractStep [schedulerFactoryBean_Worker-5] Step: [step1] executed in 18ms
2021-03-22 00:52:30,071 INFO org.springframework.batch.core.launch.support.SimpleJobLauncher$1 [schedulerFactoryBean_Worker-5] Job: [SimpleJob: [name=job]] completed with the following parameters: [{JobID=1616341950012}] and the following status: [COMPLETED] in 38ms
2021-03-22 00:52:40,024 INFO org.springframework.batch.core.launch.support.SimpleJobLauncher$1 [schedulerFactoryBean_Worker-6] Job: [SimpleJob: [name=job]] launched with the following parameters: [{JobID=1616341960009}]
2021-03-22 00:52:40,038 INFO org.springframework.batch.core.job.SimpleStepHandler [schedulerFactoryBean_Worker-6] Executing step: [step1]
2021-03-22 00:52:40,055 INFO org.springframework.batch.core.step.AbstractStep [schedulerFactoryBean_Worker-6] Step: [step1] executed in 17ms
2021-03-22 00:52:40,067 INFO org.springframework.batch.core.launch.support.SimpleJobLauncher$1 [schedulerFactoryBean_Worker-6] Job: [SimpleJob: [name=job]] completed with the following parameters: [{JobID=1616341960009}] and the following status: [COMPLETED] in 37ms
2021-03-22 00:52:50,025 INFO org.springframework.batch.core.launch.support.SimpleJobLauncher$1 [schedulerFactoryBean_Worker-7] Job: [SimpleJob: [name=job]] launched with the following parameters: [{JobID=1616341970007}]
2021-03-22 00:52:50,039 INFO org.springframework.batch.core.job.SimpleStepHandler [schedulerFactoryBean_Worker-7] Executing step: [step1]
2021-03-22 00:52:50,056 INFO org.springframework.batch.core.step.AbstractStep [schedulerFactoryBean_Worker-7] Step: [step1] executed in 17ms
2021-03-22 00:52:50,069 INFO org.springframework.batch.core.launch.support.SimpleJobLauncher$1 [schedulerFactoryBean_Worker-7] Job: [SimpleJob: [name=job]] completed with the following parameters: [{JobID=1616341970007}] and the following status: [COMPLETED] in 39ms
2021-03-22 00:53:00,027 INFO org.springframework.batch.core.launch.support.SimpleJobLauncher$1 [schedulerFactoryBean_Worker-8] Job: [SimpleJob: [name=job]] launched with the following parameters: [{JobID=1616341980010}]
2021-03-22 00:53:00,042 INFO org.springframework.batch.core.job.SimpleStepHandler [schedulerFactoryBean_Worker-8] Executing step: [step1]
2021-03-22 00:53:00,058 INFO org.springframework.batch.core.step.AbstractStep [schedulerFactoryBean_Worker-8] Step: [step1] executed in 16ms
2021-03-22 00:53:00,071 INFO org.springframework.batch.core.launch.support.SimpleJobLauncher$1 [schedulerFactoryBean_Worker-8] Job: [SimpleJob: [name=job]] completed with the following parameters: [{JobID=1616341980010}] and the following status: [COMPLETED] in 39ms
